# JRE version: OpenJDK Runtime Environment (Zulu 8.58.0.13-CA-macosx) (8.0_312-b07) (build 1.8.0_312-b07)
# Java VM: OpenJDK 64-Bit Server VM (25.312-b07 mixed mode bsd-amd64 compressed oops)
Heap:
 PSYoungGen      total 71680K, used 6664K [0x0000000795580000, 0x000000079f800000, 0x00000007c0000000)
  eden space 66560K, 2% used [0x0000000795580000,0x0000000795707b60,0x0000000799680000)
  from space 5120K, 99% used [0x0000000799680000,0x0000000799b7a820,0x0000000799b80000)
  to   space 25600K, 0% used [0x000000079df00000,0x000000079df00000,0x000000079f800000)
 ParOldGen       total 110080K, used 78524K [0x0000000740000000, 0x0000000746b80000, 0x0000000795580000)
  object space 110080K, 71% used [0x0000000740000000,0x0000000744caf0b0,0x0000000746b80000)
 Metaspace       used 29461K, capacity 30930K, committed 31104K, reserved 1077248K
  class space    used 3883K, capacity 4184K, committed 4224K, reserved 1048576K
GC Heap History (10 events):
Event: 8.890 GC heap before
{Heap before GC invocations=2 (full 0):
 PSYoungGen      total 38400K, used 38370K [0x0000000795580000, 0x000000079a080000, 0x00000007c0000000)
  eden space 33280K, 100% used [0x0000000795580000,0x0000000797600000,0x0000000797600000)
  from space 5120K, 99% used [0x0000000797600000,0x0000000797af8a60,0x0000000797b00000)
  to   space 5120K, 0% used [0x0000000799b80000,0x0000000799b80000,0x000000079a080000)
 ParOldGen       total 87552K, used 49041K [0x0000000740000000, 0x0000000745580000, 0x0000000795580000)
  object space 87552K, 56% used [0x0000000740000000,0x0000000742fe45e8,0x0000000745580000)
 Metaspace       used 19413K, capacity 20184K, committed 20480K, reserved 1067008K
  class space    used 2742K, capacity 2961K, committed 3072K, reserved 1048576K
Event: 8.902 GC heap after
Heap after GC invocations=2 (full 0):
 PSYoungGen      total 38400K, used 5088K [0x0000000795580000, 0x000000079a080000, 0x00000007c0000000)
  eden space 33280K, 0% used [0x0000000795580000,0x0000000795580000,0x0000000797600000)
  from space 5120K, 99% used [0x0000000799b80000,0x000000079a078070,0x000000079a080000)
  to   space 5120K, 0% used [0x0000000797600000,0x0000000797600000,0x0000000797b00000)
 ParOldGen       total 87552K, used 58142K [0x0000000740000000, 0x0000000745580000, 0x0000000795580000)
  object space 87552K, 66% used [0x0000000740000000,0x00000007438c7bf8,0x0000000745580000)
 Metaspace       used 19413K, capacity 20184K, committed 20480K, reserved 1067008K
  class space    used 2742K, capacity 2961K, committed 3072K, reserved 1048576K
}
Event: 8.993 GC heap before
{Heap before GC invocations=3 (full 0):
 PSYoungGen      total 38400K, used 11646K [0x0000000795580000, 0x000000079a080000, 0x00000007c0000000)
  eden space 33280K, 19% used [0x0000000795580000,0x0000000795be7800,0x0000000797600000)
  from space 5120K, 99% used [0x0000000799b80000,0x000000079a078070,0x000000079a080000)
  to   space 5120K, 0% used [0x0000000797600000,0x0000000797600000,0x0000000797b00000)
 ParOldGen       total 87552K, used 58142K [0x0000000740000000, 0x0000000745580000, 0x0000000795580000)
  object space 87552K, 66% used [0x0000000740000000,0x00000007438c7bf8,0x0000000745580000)
 Metaspace       used 20407K, capacity 21198K, committed 21248K, reserved 1067008K
  class space    used 2846K, capacity 3064K, committed 3072K, reserved 1048576K
Event: 9.002 GC heap after
Heap after GC invocations=3 (full 0):
 PSYoungGen      total 38400K, used 5088K [0x0000000795580000, 0x000000079a080000, 0x00000007c0000000)
  eden space 33280K, 0% used [0x0000000795580000,0x0000000795580000,0x0000000797600000)
  from space 5120K, 99% used [0x0000000797600000,0x0000000797af8070,0x0000000797b00000)
  to   space 5120K, 0% used [0x0000000799b80000,0x0000000799b80000,0x000000079a080000)
 ParOldGen       total 87552K, used 58902K [0x0000000740000000, 0x0000000745580000, 0x0000000795580000)
  object space 87552K, 67% used [0x0000000740000000,0x0000000743985ba8,0x0000000745580000)
 Metaspace       used 20407K, capacity 21198K, committed 21248K, reserved 1067008K
  class space    used 2846K, capacity 3064K, committed 3072K, reserved 1048576K
}
Event: 9.002 GC heap before
{Heap before GC invocations=4 (full 1):
 PSYoungGen      total 38400K, used 5088K [0x0000000795580000, 0x000000079a080000, 0x00000007c0000000)
  eden space 33280K, 0% used [0x0000000795580000,0x0000000795580000,0x0000000797600000)
  from space 5120K, 99% used [0x0000000797600000,0x0000000797af8070,0x0000000797b00000)
  to   space 5120K, 0% used [0x0000000799b80000,0x0000000799b80000,0x000000079a080000)
 ParOldGen       total 87552K, used 58902K [0x0000000740000000, 0x0000000745580000, 0x0000000795580000)
  object space 87552K, 67% used [0x0000000740000000,0x0000000743985ba8,0x0000000745580000)
 Metaspace       used 20407K, capacity 21198K, committed 21248K, reserved 1067008K
  class space    used 2846K, capacity 3064K, committed 3072K, reserved 1048576K
Event: 9.037 GC heap after
Heap after GC invocations=4 (full 1):
 PSYoungGen      total 38400K, used 0K [0x0000000795580000, 0x000000079a080000, 0x00000007c0000000)
  eden space 33280K, 0% used [0x0000000795580000,0x0000000795580000,0x0000000797600000)
  from space 5120K, 0% used [0x0000000797600000,0x0000000797600000,0x0000000797b00000)
  to   space 5120K, 0% used [0x0000000799b80000,0x0000000799b80000,0x000000079a080000)
 ParOldGen       total 110080K, used 56238K [0x0000000740000000, 0x0000000746b80000, 0x0000000795580000)
  object space 110080K, 51% used [0x0000000740000000,0x00000007436ebb98,0x0000000746b80000)
 Metaspace       used 20407K, capacity 21198K, committed 21248K, reserved 1067008K
  class space    used 2846K, capacity 3064K, committed 3072K, reserved 1048576K
}
Event: 9.829 GC heap before
{Heap before GC invocations=5 (full 1):
 PSYoungGen      total 38400K, used 31771K [0x0000000795580000, 0x000000079a080000, 0x00000007c0000000)
  eden space 33280K, 95% used [0x0000000795580000,0x0000000797486d98,0x0000000797600000)
  from space 5120K, 0% used [0x0000000797600000,0x0000000797600000,0x0000000797b00000)
  to   space 5120K, 0% used [0x0000000799b80000,0x0000000799b80000,0x000000079a080000)
 ParOldGen       total 110080K, used 56238K [0x0000000740000000, 0x0000000746b80000, 0x0000000795580000)
  object space 110080K, 51% used [0x0000000740000000,0x00000007436ebb98,0x0000000746b80000)
 Metaspace       used 27427K, capacity 28682K, committed 28928K, reserved 1075200K
  class space    used 3769K, capacity 4030K, committed 4096K, reserved 1048576K
Event: 9.837 GC heap after
Heap after GC invocations=5 (full 1):
 PSYoungGen      total 67584K, used 5102K [0x0000000795580000, 0x000000079a080000, 0x00000007c0000000)
  eden space 62464K, 0% used [0x0000000795580000,0x0000000795580000,0x0000000799280000)
  from space 5120K, 99% used [0x0000000799b80000,0x000000079a07b880,0x000000079a080000)
  to   space 5120K, 0% used [0x0000000799680000,0x0000000799680000,0x0000000799b80000)
 ParOldGen       total 110080K, used 58089K [0x0000000740000000, 0x0000000746b80000, 0x0000000795580000)
  object space 110080K, 52% used [0x0000000740000000,0x00000007438ba5f8,0x0000000746b80000)
 Metaspace       used 27427K, capacity 28682K, committed 28928K, reserved 1075200K
  class space    used 3769K, capacity 4030K, committed 4096K, reserved 1048576K
}
Event: 45.357 GC heap before
{Heap before GC invocations=6 (full 1):
 PSYoungGen      total 67584K, used 67566K [0x0000000795580000, 0x000000079a080000, 0x00000007c0000000)
  eden space 62464K, 100% used [0x0000000795580000,0x0000000799280000,0x0000000799280000)
  from space 5120K, 99% used [0x0000000799b80000,0x000000079a07b880,0x000000079a080000)
  to   space 5120K, 0% used [0x0000000799680000,0x0000000799680000,0x0000000799b80000)
 ParOldGen       total 110080K, used 58089K [0x0000000740000000, 0x0000000746b80000, 0x0000000795580000)
  object space 110080K, 52% used [0x0000000740000000,0x00000007438ba5f8,0x0000000746b80000)
 Metaspace       used 29458K, capacity 30930K, committed 31104K, reserved 1077248K
  class space    used 3883K, capacity 4184K, committed 4224K, reserved 1048576K
Event: 45.398 GC heap after
Heap after GC invocations=6 (full 1):
 PSYoungGen      total 71680K, used 5098K [0x0000000795580000, 0x000000079f800000, 0x00000007c0000000)
  eden space 66560K, 0% used [0x0000000795580000,0x0000000795580000,0x0000000799680000)
  from space 5120K, 99% used [0x0000000799680000,0x0000000799b7a820,0x0000000799b80000)
  to   space 25600K, 0% used [0x000000079df00000,0x000000079df00000,0x000000079f800000)
 ParOldGen       total 110080K, used 78524K [0x0000000740000000, 0x0000000746b80000, 0x0000000795580000)
  object space 110080K, 71% used [0x0000000740000000,0x0000000744caf0b0,0x0000000746b80000)
 Metaspace       used 29458K, capacity 30930K, committed 31104K, reserved 1077248K
  class space    used 3883K, capacity 4184K, committed 4224K, reserved 1048576K
}

