# JRE version: OpenJDK Runtime Environment (Zulu 8.58.0.13-CA-macosx) (8.0_312-b07) (build 1.8.0_312-b07)
# Java VM: OpenJDK 64-Bit Server VM (25.312-b07 mixed mode bsd-amd64 compressed oops)
Heap:
 PSYoungGen      total 71680K, used 8293K [0x0000000795580000, 0x000000079f600000, 0x00000007c0000000)
  eden space 66560K, 4% used [0x0000000795580000,0x000000079589ce70,0x0000000799680000)
  from space 5120K, 99% used [0x0000000799680000,0x0000000799b7c830,0x0000000799b80000)
  to   space 21504K, 0% used [0x000000079e100000,0x000000079e100000,0x000000079f600000)
 ParOldGen       total 109056K, used 72827K [0x0000000740000000, 0x0000000746a80000, 0x0000000795580000)
  object space 109056K, 66% used [0x0000000740000000,0x000000074471ee58,0x0000000746a80000)
 Metaspace       used 30085K, capacity 31614K, committed 31744K, reserved 1077248K
  class space    used 3980K, capacity 4266K, committed 4352K, reserved 1048576K
GC Heap History (10 events):
Event: 15.526 GC heap before
{Heap before GC invocations=2 (full 0):
 PSYoungGen      total 38400K, used 38372K [0x0000000795580000, 0x0000000798000000, 0x00000007c0000000)
  eden space 33280K, 100% used [0x0000000795580000,0x0000000797600000,0x0000000797600000)
  from space 5120K, 99% used [0x0000000797600000,0x0000000797af90c8,0x0000000797b00000)
  to   space 5120K, 0% used [0x0000000797b00000,0x0000000797b00000,0x0000000798000000)
 ParOldGen       total 87552K, used 49077K [0x0000000740000000, 0x0000000745580000, 0x0000000795580000)
  object space 87552K, 56% used [0x0000000740000000,0x0000000742fed618,0x0000000745580000)
 Metaspace       used 19482K, capacity 20248K, committed 20480K, reserved 1067008K
  class space    used 2741K, capacity 2961K, committed 3072K, reserved 1048576K
Event: 15.547 GC heap after
Heap after GC invocations=2 (full 0):
 PSYoungGen      total 38400K, used 5088K [0x0000000795580000, 0x0000000798000000, 0x00000007c0000000)
  eden space 33280K, 0% used [0x0000000795580000,0x0000000795580000,0x0000000797600000)
  from space 5120K, 99% used [0x0000000797b00000,0x0000000797ff8050,0x0000000798000000)
  to   space 5120K, 0% used [0x0000000797600000,0x0000000797600000,0x0000000797b00000)
 ParOldGen       total 87552K, used 58171K [0x0000000740000000, 0x0000000745580000, 0x0000000795580000)
  object space 87552K, 66% used [0x0000000740000000,0x00000007438ced80,0x0000000745580000)
 Metaspace       used 19482K, capacity 20248K, committed 20480K, reserved 1067008K
  class space    used 2741K, capacity 2961K, committed 3072K, reserved 1048576K
}
Event: 15.633 GC heap before
{Heap before GC invocations=3 (full 0):
 PSYoungGen      total 38400K, used 10934K [0x0000000795580000, 0x0000000798000000, 0x00000007c0000000)
  eden space 33280K, 17% used [0x0000000795580000,0x0000000795b35b70,0x0000000797600000)
  from space 5120K, 99% used [0x0000000797b00000,0x0000000797ff8050,0x0000000798000000)
  to   space 5120K, 0% used [0x0000000797600000,0x0000000797600000,0x0000000797b00000)
 ParOldGen       total 87552K, used 58171K [0x0000000740000000, 0x0000000745580000, 0x0000000795580000)
  object space 87552K, 66% used [0x0000000740000000,0x00000007438ced80,0x0000000745580000)
 Metaspace       used 20426K, capacity 21160K, committed 21248K, reserved 1067008K
  class space    used 2838K, capacity 3031K, committed 3072K, reserved 1048576K
Event: 15.642 GC heap after
Heap after GC invocations=3 (full 0):
 PSYoungGen      total 38400K, used 5088K [0x0000000795580000, 0x000000079a080000, 0x00000007c0000000)
  eden space 33280K, 0% used [0x0000000795580000,0x0000000795580000,0x0000000797600000)
  from space 5120K, 99% used [0x0000000797600000,0x0000000797af8070,0x0000000797b00000)
  to   space 5120K, 0% used [0x0000000799b80000,0x0000000799b80000,0x000000079a080000)
 ParOldGen       total 87552K, used 58885K [0x0000000740000000, 0x0000000745580000, 0x0000000795580000)
  object space 87552K, 67% used [0x0000000740000000,0x00000007439814d0,0x0000000745580000)
 Metaspace       used 20426K, capacity 21160K, committed 21248K, reserved 1067008K
  class space    used 2838K, capacity 3031K, committed 3072K, reserved 1048576K
}
Event: 15.642 GC heap before
{Heap before GC invocations=4 (full 1):
 PSYoungGen      total 38400K, used 5088K [0x0000000795580000, 0x000000079a080000, 0x00000007c0000000)
  eden space 33280K, 0% used [0x0000000795580000,0x0000000795580000,0x0000000797600000)
  from space 5120K, 99% used [0x0000000797600000,0x0000000797af8070,0x0000000797b00000)
  to   space 5120K, 0% used [0x0000000799b80000,0x0000000799b80000,0x000000079a080000)
 ParOldGen       total 87552K, used 58885K [0x0000000740000000, 0x0000000745580000, 0x0000000795580000)
  object space 87552K, 67% used [0x0000000740000000,0x00000007439814d0,0x0000000745580000)
 Metaspace       used 20426K, capacity 21160K, committed 21248K, reserved 1067008K
  class space    used 2838K, capacity 3031K, committed 3072K, reserved 1048576K
Event: 15.684 GC heap after
Heap after GC invocations=4 (full 1):
 PSYoungGen      total 38400K, used 0K [0x0000000795580000, 0x000000079a080000, 0x00000007c0000000)
  eden space 33280K, 0% used [0x0000000795580000,0x0000000795580000,0x0000000797600000)
  from space 5120K, 0% used [0x0000000797600000,0x0000000797600000,0x0000000797b00000)
  to   space 5120K, 0% used [0x0000000799b80000,0x0000000799b80000,0x000000079a080000)
 ParOldGen       total 109056K, used 56191K [0x0000000740000000, 0x0000000746a80000, 0x0000000795580000)
  object space 109056K, 51% used [0x0000000740000000,0x00000007436dfc08,0x0000000746a80000)
 Metaspace       used 20426K, capacity 21160K, committed 21248K, reserved 1067008K
  class space    used 2838K, capacity 3031K, committed 3072K, reserved 1048576K
}
Event: 16.581 GC heap before
{Heap before GC invocations=5 (full 1):
 PSYoungGen      total 38400K, used 33280K [0x0000000795580000, 0x000000079a080000, 0x00000007c0000000)
  eden space 33280K, 100% used [0x0000000795580000,0x0000000797600000,0x0000000797600000)
  from space 5120K, 0% used [0x0000000797600000,0x0000000797600000,0x0000000797b00000)
  to   space 5120K, 0% used [0x0000000799b80000,0x0000000799b80000,0x000000079a080000)
 ParOldGen       total 109056K, used 56191K [0x0000000740000000, 0x0000000746a80000, 0x0000000795580000)
  object space 109056K, 51% used [0x0000000740000000,0x00000007436dfc08,0x0000000746a80000)
 Metaspace       used 27522K, capacity 28814K, committed 28928K, reserved 1075200K
  class space    used 3776K, capacity 4030K, committed 4096K, reserved 1048576K
Event: 16.593 GC heap after
Heap after GC invocations=5 (full 1):
 PSYoungGen      total 69120K, used 5118K [0x0000000795580000, 0x000000079a080000, 0x00000007c0000000)
  eden space 64000K, 0% used [0x0000000795580000,0x0000000795580000,0x0000000799400000)
  from space 5120K, 99% used [0x0000000799b80000,0x000000079a07f870,0x000000079a080000)
  to   space 5120K, 0% used [0x0000000799680000,0x0000000799680000,0x0000000799b80000)
 ParOldGen       total 109056K, used 58059K [0x0000000740000000, 0x0000000746a80000, 0x0000000795580000)
  object space 109056K, 53% used [0x0000000740000000,0x00000007438b2d70,0x0000000746a80000)
 Metaspace       used 27522K, capacity 28814K, committed 28928K, reserved 1075200K
  class space    used 3776K, capacity 4030K, committed 4096K, reserved 1048576K
}
Event: 66.123 GC heap before
{Heap before GC invocations=6 (full 1):
 PSYoungGen      total 69120K, used 69118K [0x0000000795580000, 0x000000079a080000, 0x00000007c0000000)
  eden space 64000K, 100% used [0x0000000795580000,0x0000000799400000,0x0000000799400000)
  from space 5120K, 99% used [0x0000000799b80000,0x000000079a07f870,0x000000079a080000)
  to   space 5120K, 0% used [0x0000000799680000,0x0000000799680000,0x0000000799b80000)
 ParOldGen       total 109056K, used 58059K [0x0000000740000000, 0x0000000746a80000, 0x0000000795580000)
  object space 109056K, 53% used [0x0000000740000000,0x00000007438b2d70,0x0000000746a80000)
 Metaspace       used 30021K, capacity 31550K, committed 31744K, reserved 1077248K
  class space    used 3980K, capacity 4266K, committed 4352K, reserved 1048576K
Event: 66.154 GC heap after
Heap after GC invocations=6 (full 1):
 PSYoungGen      total 71680K, used 5106K [0x0000000795580000, 0x000000079f600000, 0x00000007c0000000)
  eden space 66560K, 0% used [0x0000000795580000,0x0000000795580000,0x0000000799680000)
  from space 5120K, 99% used [0x0000000799680000,0x0000000799b7c830,0x0000000799b80000)
  to   space 21504K, 0% used [0x000000079e100000,0x000000079e100000,0x000000079f600000)
 ParOldGen       total 109056K, used 72827K [0x0000000740000000, 0x0000000746a80000, 0x0000000795580000)
  object space 109056K, 66% used [0x0000000740000000,0x000000074471ee58,0x0000000746a80000)
 Metaspace       used 30021K, capacity 31550K, committed 31744K, reserved 1077248K
  class space    used 3980K, capacity 4266K, committed 4352K, reserved 1048576K
}

