# JRE version: OpenJDK Runtime Environment (Zulu 8.58.0.13-CA-macosx) (8.0_312-b07) (build 1.8.0_312-b07)
# Java VM: OpenJDK 64-Bit Server VM (25.312-b07 mixed mode bsd-amd64 compressed oops)
Heap:
 PSYoungGen      total 128512K, used 40709K [0x0000000795580000, 0x000000079fb80000, 0x00000007c0000000)
  eden space 107520K, 37% used [0x0000000795580000,0x0000000797d415c0,0x000000079be80000)
  from space 20992K, 0% used [0x000000079d280000,0x000000079d280000,0x000000079e700000)
  to   space 20480K, 0% used [0x000000079be80000,0x000000079be80000,0x000000079d280000)
 ParOldGen       total 86528K, used 23981K [0x0000000740000000, 0x0000000745480000, 0x0000000795580000)
  object space 86528K, 27% used [0x0000000740000000,0x000000074176b6a8,0x0000000745480000)
 Metaspace       used 43452K, capacity 45200K, committed 45480K, reserved 1089536K
  class space    used 5928K, capacity 6248K, committed 6320K, reserved 1048576K
GC Heap History (10 events):
Event: 8.050 GC heap before
{Heap before GC invocations=4 (full 1):
 PSYoungGen      total 38400K, used 5088K [0x0000000795580000, 0x000000079a080000, 0x00000007c0000000)
  eden space 33280K, 0% used [0x0000000795580000,0x0000000795580000,0x0000000797600000)
  from space 5120K, 99% used [0x0000000797600000,0x0000000797af8050,0x0000000797b00000)
  to   space 5120K, 0% used [0x0000000799b80000,0x0000000799b80000,0x000000079a080000)
 ParOldGen       total 87552K, used 60034K [0x0000000740000000, 0x0000000745580000, 0x0000000795580000)
  object space 87552K, 68% used [0x0000000740000000,0x0000000743aa0ac8,0x0000000745580000)
 Metaspace       used 20464K, capacity 21236K, committed 21296K, reserved 1067008K
  class space    used 2886K, capacity 3099K, committed 3120K, reserved 1048576K
Event: 8.099 GC heap after
Heap after GC invocations=4 (full 1):
 PSYoungGen      total 38400K, used 0K [0x0000000795580000, 0x000000079a080000, 0x00000007c0000000)
  eden space 33280K, 0% used [0x0000000795580000,0x0000000795580000,0x0000000797600000)
  from space 5120K, 0% used [0x0000000797600000,0x0000000797600000,0x0000000797b00000)
  to   space 5120K, 0% used [0x0000000799b80000,0x0000000799b80000,0x000000079a080000)
 ParOldGen       total 114688K, used 59215K [0x0000000740000000, 0x0000000747000000, 0x0000000795580000)
  object space 114688K, 51% used [0x0000000740000000,0x00000007439d3da8,0x0000000747000000)
 Metaspace       used 20464K, capacity 21236K, committed 21296K, reserved 1067008K
  class space    used 2886K, capacity 3099K, committed 3120K, reserved 1048576K
}
Event: 9.134 GC heap before
{Heap before GC invocations=5 (full 1):
 PSYoungGen      total 38400K, used 32404K [0x0000000795580000, 0x000000079a080000, 0x00000007c0000000)
  eden space 33280K, 97% used [0x0000000795580000,0x00000007975252d8,0x0000000797600000)
  from space 5120K, 0% used [0x0000000797600000,0x0000000797600000,0x0000000797b00000)
  to   space 5120K, 0% used [0x0000000799b80000,0x0000000799b80000,0x000000079a080000)
 ParOldGen       total 114688K, used 59215K [0x0000000740000000, 0x0000000747000000, 0x0000000795580000)
  object space 114688K, 51% used [0x0000000740000000,0x00000007439d3da8,0x0000000747000000)
 Metaspace       used 27185K, capacity 28484K, committed 28720K, reserved 1073152K
  class space    used 3769K, capacity 4029K, committed 4144K, reserved 1048576K
Event: 9.144 GC heap after
Heap after GC invocations=5 (full 1):
 PSYoungGen      total 65536K, used 5088K [0x0000000795580000, 0x000000079a080000, 0x00000007c0000000)
  eden space 60416K, 0% used [0x0000000795580000,0x0000000795580000,0x0000000799080000)
  from space 5120K, 99% used [0x0000000799b80000,0x000000079a078010,0x000000079a080000)
  to   space 5120K, 0% used [0x0000000799680000,0x0000000799680000,0x0000000799b80000)
 ParOldGen       total 114688K, used 61806K [0x0000000740000000, 0x0000000747000000, 0x0000000795580000)
  object space 114688K, 53% used [0x0000000740000000,0x0000000743c5ba28,0x0000000747000000)
 Metaspace       used 27185K, capacity 28484K, committed 28720K, reserved 1073152K
  class space    used 3769K, capacity 4029K, committed 4144K, reserved 1048576K
}
Event: 34.453 GC heap before
{Heap before GC invocations=6 (full 1):
 PSYoungGen      total 65536K, used 65504K [0x0000000795580000, 0x000000079a080000, 0x00000007c0000000)
  eden space 60416K, 100% used [0x0000000795580000,0x0000000799080000,0x0000000799080000)
  from space 5120K, 99% used [0x0000000799b80000,0x000000079a078010,0x000000079a080000)
  to   space 5120K, 0% used [0x0000000799680000,0x0000000799680000,0x0000000799b80000)
 ParOldGen       total 114688K, used 61806K [0x0000000740000000, 0x0000000747000000, 0x0000000795580000)
  object space 114688K, 53% used [0x0000000740000000,0x0000000743c5ba28,0x0000000747000000)
 Metaspace       used 33516K, capacity 35192K, committed 35496K, reserved 1079296K
  class space    used 4439K, capacity 4743K, committed 4784K, reserved 1048576K
Event: 34.477 GC heap after
Heap after GC invocations=6 (full 1):
 PSYoungGen      total 71680K, used 5110K [0x0000000795580000, 0x000000079e700000, 0x00000007c0000000)
  eden space 66560K, 0% used [0x0000000795580000,0x0000000795580000,0x0000000799680000)
  from space 5120K, 99% used [0x0000000799680000,0x0000000799b7d820,0x0000000799b80000)
  to   space 20992K, 0% used [0x000000079d280000,0x000000079d280000,0x000000079e700000)
 ParOldGen       total 114688K, used 76031K [0x0000000740000000, 0x0000000747000000, 0x0000000795580000)
  object space 114688K, 66% used [0x0000000740000000,0x0000000744a3fd60,0x0000000747000000)
 Metaspace       used 33516K, capacity 35192K, committed 35496K, reserved 1079296K
  class space    used 4439K, capacity 4743K, committed 4784K, reserved 1048576K
}
Event: 34.499 GC heap before
{Heap before GC invocations=7 (full 1):
 PSYoungGen      total 71680K, used 7396K [0x0000000795580000, 0x000000079e700000, 0x00000007c0000000)
  eden space 66560K, 3% used [0x0000000795580000,0x00000007957bb908,0x0000000799680000)
  from space 5120K, 99% used [0x0000000799680000,0x0000000799b7d820,0x0000000799b80000)
  to   space 20992K, 0% used [0x000000079d280000,0x000000079d280000,0x000000079e700000)
 ParOldGen       total 114688K, used 76031K [0x0000000740000000, 0x0000000747000000, 0x0000000795580000)
  object space 114688K, 66% used [0x0000000740000000,0x0000000744a3fd60,0x0000000747000000)
 Metaspace       used 33775K, capacity 35416K, committed 35496K, reserved 1079296K
  class space    used 4470K, capacity 4775K, committed 4784K, reserved 1048576K
Event: 34.509 GC heap after
Heap after GC invocations=7 (full 1):
 PSYoungGen      total 128512K, used 5484K [0x0000000795580000, 0x000000079fb80000, 0x00000007c0000000)
  eden space 107520K, 0% used [0x0000000795580000,0x0000000795580000,0x000000079be80000)
  from space 20992K, 26% used [0x000000079d280000,0x000000079d7db1f8,0x000000079e700000)
  to   space 20480K, 0% used [0x000000079be80000,0x000000079be80000,0x000000079d280000)
 ParOldGen       total 114688K, used 76031K [0x0000000740000000, 0x0000000747000000, 0x0000000795580000)
  object space 114688K, 66% used [0x0000000740000000,0x0000000744a3fd60,0x0000000747000000)
 Metaspace       used 33775K, capacity 35416K, committed 35496K, reserved 1079296K
  class space    used 4470K, capacity 4775K, committed 4784K, reserved 1048576K
}
Event: 34.509 GC heap before
{Heap before GC invocations=8 (full 2):
 PSYoungGen      total 128512K, used 5484K [0x0000000795580000, 0x000000079fb80000, 0x00000007c0000000)
  eden space 107520K, 0% used [0x0000000795580000,0x0000000795580000,0x000000079be80000)
  from space 20992K, 26% used [0x000000079d280000,0x000000079d7db1f8,0x000000079e700000)
  to   space 20480K, 0% used [0x000000079be80000,0x000000079be80000,0x000000079d280000)
 ParOldGen       total 114688K, used 76031K [0x0000000740000000, 0x0000000747000000, 0x0000000795580000)
  object space 114688K, 66% used [0x0000000740000000,0x0000000744a3fd60,0x0000000747000000)
 Metaspace       used 33775K, capacity 35416K, committed 35496K, reserved 1079296K
  class space    used 4470K, capacity 4775K, committed 4784K, reserved 1048576K
Event: 34.609 GC heap after
Heap after GC invocations=8 (full 2):
 PSYoungGen      total 128512K, used 0K [0x0000000795580000, 0x000000079fb80000, 0x00000007c0000000)
  eden space 107520K, 0% used [0x0000000795580000,0x0000000795580000,0x000000079be80000)
  from space 20992K, 0% used [0x000000079d280000,0x000000079d280000,0x000000079e700000)
  to   space 20480K, 0% used [0x000000079be80000,0x000000079be80000,0x000000079d280000)
 ParOldGen       total 86528K, used 23981K [0x0000000740000000, 0x0000000745480000, 0x0000000795580000)
  object space 86528K, 27% used [0x0000000740000000,0x000000074176b6a8,0x0000000745480000)
 Metaspace       used 33775K, capacity 35416K, committed 35496K, reserved 1079296K
  class space    used 4470K, capacity 4775K, committed 4784K, reserved 1048576K
}

