# JRE version: OpenJDK Runtime Environment (Zulu 8.58.0.13-CA-macosx) (8.0_312-b07) (build 1.8.0_312-b07)
# Java VM: OpenJDK 64-Bit Server VM (25.312-b07 mixed mode bsd-amd64 compressed oops)
Heap:
 PSYoungGen      total 69632K, used 18967K [0x0000000795580000, 0x000000079a080000, 0x00000007c0000000)
  eden space 64512K, 21% used [0x0000000795580000,0x000000079630cf40,0x0000000799480000)
  from space 5120K, 99% used [0x0000000799b80000,0x000000079a079028,0x000000079a080000)
  to   space 5120K, 0% used [0x0000000799680000,0x0000000799680000,0x0000000799b80000)
 ParOldGen       total 108544K, used 61260K [0x0000000740000000, 0x0000000746a00000, 0x0000000795580000)
  object space 108544K, 56% used [0x0000000740000000,0x0000000743bd31c0,0x0000000746a00000)
 Metaspace       used 28247K, capacity 29506K, committed 29696K, reserved 1075200K
  class space    used 3796K, capacity 4076K, committed 4096K, reserved 1048576K
GC Heap History (10 events):
Event: 1.848 GC heap before
{Heap before GC invocations=1 (full 0):
 PSYoungGen      total 38400K, used 33280K [0x0000000795580000, 0x0000000798000000, 0x00000007c0000000)
  eden space 33280K, 100% used [0x0000000795580000,0x0000000797600000,0x0000000797600000)
  from space 5120K, 0% used [0x0000000797b00000,0x0000000797b00000,0x0000000798000000)
  to   space 5120K, 0% used [0x0000000797600000,0x0000000797600000,0x0000000797b00000)
 ParOldGen       total 87552K, used 46875K [0x0000000740000000, 0x0000000745580000, 0x0000000795580000)
  object space 87552K, 53% used [0x0000000740000000,0x0000000742dc6c10,0x0000000745580000)
 Metaspace       used 12015K, capacity 12402K, committed 12800K, reserved 1060864K
  class space    used 1571K, capacity 1692K, committed 1792K, reserved 1048576K
Event: 1.858 GC heap after
Heap after GC invocations=1 (full 0):
 PSYoungGen      total 38400K, used 5106K [0x0000000795580000, 0x0000000798000000, 0x00000007c0000000)
  eden space 33280K, 0% used [0x0000000795580000,0x0000000795580000,0x0000000797600000)
  from space 5120K, 99% used [0x0000000797600000,0x0000000797afcb10,0x0000000797b00000)
  to   space 5120K, 0% used [0x0000000797b00000,0x0000000797b00000,0x0000000798000000)
 ParOldGen       total 87552K, used 49190K [0x0000000740000000, 0x0000000745580000, 0x0000000795580000)
  object space 87552K, 56% used [0x0000000740000000,0x0000000743009810,0x0000000745580000)
 Metaspace       used 12015K, capacity 12402K, committed 12800K, reserved 1060864K
  class space    used 1571K, capacity 1692K, committed 1792K, reserved 1048576K
}
Event: 16.014 GC heap before
{Heap before GC invocations=2 (full 0):
 PSYoungGen      total 38400K, used 38386K [0x0000000795580000, 0x0000000798000000, 0x00000007c0000000)
  eden space 33280K, 100% used [0x0000000795580000,0x0000000797600000,0x0000000797600000)
  from space 5120K, 99% used [0x0000000797600000,0x0000000797afcb10,0x0000000797b00000)
  to   space 5120K, 0% used [0x0000000797b00000,0x0000000797b00000,0x0000000798000000)
 ParOldGen       total 87552K, used 49190K [0x0000000740000000, 0x0000000745580000, 0x0000000795580000)
  object space 87552K, 56% used [0x0000000740000000,0x0000000743009810,0x0000000745580000)
 Metaspace       used 19398K, capacity 20152K, committed 20352K, reserved 1067008K
  class space    used 2755K, capacity 2929K, committed 2944K, reserved 1048576K
Event: 16.028 GC heap after
Heap after GC invocations=2 (full 0):
 PSYoungGen      total 38400K, used 5088K [0x0000000795580000, 0x0000000798000000, 0x00000007c0000000)
  eden space 33280K, 0% used [0x0000000795580000,0x0000000795580000,0x0000000797600000)
  from space 5120K, 99% used [0x0000000797b00000,0x0000000797ff8070,0x0000000798000000)
  to   space 5120K, 0% used [0x0000000797600000,0x0000000797600000,0x0000000797b00000)
 ParOldGen       total 87552K, used 58321K [0x0000000740000000, 0x0000000745580000, 0x0000000795580000)
  object space 87552K, 66% used [0x0000000740000000,0x00000007438f46a8,0x0000000745580000)
 Metaspace       used 19398K, capacity 20152K, committed 20352K, reserved 1067008K
  class space    used 2755K, capacity 2929K, committed 2944K, reserved 1048576K
}
Event: 16.118 GC heap before
{Heap before GC invocations=3 (full 0):
 PSYoungGen      total 38400K, used 10787K [0x0000000795580000, 0x0000000798000000, 0x00000007c0000000)
  eden space 33280K, 17% used [0x0000000795580000,0x0000000795b10e38,0x0000000797600000)
  from space 5120K, 99% used [0x0000000797b00000,0x0000000797ff8070,0x0000000798000000)
  to   space 5120K, 0% used [0x0000000797600000,0x0000000797600000,0x0000000797b00000)
 ParOldGen       total 87552K, used 58321K [0x0000000740000000, 0x0000000745580000, 0x0000000795580000)
  object space 87552K, 66% used [0x0000000740000000,0x00000007438f46a8,0x0000000745580000)
 Metaspace       used 20469K, capacity 21206K, committed 21248K, reserved 1067008K
  class space    used 2869K, capacity 3068K, committed 3072K, reserved 1048576K
Event: 16.131 GC heap after
Heap after GC invocations=3 (full 0):
 PSYoungGen      total 38400K, used 5104K [0x0000000795580000, 0x000000079a080000, 0x00000007c0000000)
  eden space 33280K, 0% used [0x0000000795580000,0x0000000795580000,0x0000000797600000)
  from space 5120K, 99% used [0x0000000797600000,0x0000000797afc060,0x0000000797b00000)
  to   space 5120K, 0% used [0x0000000799b80000,0x0000000799b80000,0x000000079a080000)
 ParOldGen       total 87552K, used 58974K [0x0000000740000000, 0x0000000745580000, 0x0000000795580000)
  object space 87552K, 67% used [0x0000000740000000,0x0000000743997b10,0x0000000745580000)
 Metaspace       used 20469K, capacity 21206K, committed 21248K, reserved 1067008K
  class space    used 2869K, capacity 3068K, committed 3072K, reserved 1048576K
}
Event: 16.131 GC heap before
{Heap before GC invocations=4 (full 1):
 PSYoungGen      total 38400K, used 5104K [0x0000000795580000, 0x000000079a080000, 0x00000007c0000000)
  eden space 33280K, 0% used [0x0000000795580000,0x0000000795580000,0x0000000797600000)
  from space 5120K, 99% used [0x0000000797600000,0x0000000797afc060,0x0000000797b00000)
  to   space 5120K, 0% used [0x0000000799b80000,0x0000000799b80000,0x000000079a080000)
 ParOldGen       total 87552K, used 58974K [0x0000000740000000, 0x0000000745580000, 0x0000000795580000)
  object space 87552K, 67% used [0x0000000740000000,0x0000000743997b10,0x0000000745580000)
 Metaspace       used 20469K, capacity 21206K, committed 21248K, reserved 1067008K
  class space    used 2869K, capacity 3068K, committed 3072K, reserved 1048576K
Event: 16.172 GC heap after
Heap after GC invocations=4 (full 1):
 PSYoungGen      total 38400K, used 0K [0x0000000795580000, 0x000000079a080000, 0x00000007c0000000)
  eden space 33280K, 0% used [0x0000000795580000,0x0000000795580000,0x0000000797600000)
  from space 5120K, 0% used [0x0000000797600000,0x0000000797600000,0x0000000797b00000)
  to   space 5120K, 0% used [0x0000000799b80000,0x0000000799b80000,0x000000079a080000)
 ParOldGen       total 108544K, used 56266K [0x0000000740000000, 0x0000000746a00000, 0x0000000795580000)
  object space 108544K, 51% used [0x0000000740000000,0x00000007436f2968,0x0000000746a00000)
 Metaspace       used 20469K, capacity 21206K, committed 21248K, reserved 1067008K
  class space    used 2869K, capacity 3068K, committed 3072K, reserved 1048576K
}
Event: 17.810 GC heap before
{Heap before GC invocations=5 (full 1):
 PSYoungGen      total 38400K, used 33280K [0x0000000795580000, 0x000000079a080000, 0x00000007c0000000)
  eden space 33280K, 100% used [0x0000000795580000,0x0000000797600000,0x0000000797600000)
  from space 5120K, 0% used [0x0000000797600000,0x0000000797600000,0x0000000797b00000)
  to   space 5120K, 0% used [0x0000000799b80000,0x0000000799b80000,0x000000079a080000)
 ParOldGen       total 108544K, used 56266K [0x0000000740000000, 0x0000000746a00000, 0x0000000795580000)
  object space 108544K, 51% used [0x0000000740000000,0x00000007436f2968,0x0000000746a00000)
 Metaspace       used 27500K, capacity 28780K, committed 28928K, reserved 1075200K
  class space    used 3773K, capacity 4035K, committed 4096K, reserved 1048576K
Event: 17.824 GC heap after
Heap after GC invocations=5 (full 1):
 PSYoungGen      total 69632K, used 5092K [0x0000000795580000, 0x000000079a080000, 0x00000007c0000000)
  eden space 64512K, 0% used [0x0000000795580000,0x0000000795580000,0x0000000799480000)
  from space 5120K, 99% used [0x0000000799b80000,0x000000079a079028,0x000000079a080000)
  to   space 5120K, 0% used [0x0000000799680000,0x0000000799680000,0x0000000799b80000)
 ParOldGen       total 108544K, used 61260K [0x0000000740000000, 0x0000000746a00000, 0x0000000795580000)
  object space 108544K, 56% used [0x0000000740000000,0x0000000743bd31c0,0x0000000746a00000)
 Metaspace       used 27500K, capacity 28780K, committed 28928K, reserved 1075200K
  class space    used 3773K, capacity 4035K, committed 4096K, reserved 1048576K
}

