# JRE version: OpenJDK Runtime Environment (Zulu 8.58.0.13-CA-macosx) (8.0_312-b07) (build 1.8.0_312-b07)
# Java VM: OpenJDK 64-Bit Server VM (25.312-b07 mixed mode bsd-amd64 compressed oops)
Heap:
 PSYoungGen      total 71680K, used 16977K [0x0000000795580000, 0x000000079dd80000, 0x00000007c0000000)
  eden space 66560K, 25% used [0x0000000795580000,0x0000000796614740,0x0000000799680000)
  from space 5120K, 0% used [0x0000000799680000,0x0000000799680000,0x0000000799b80000)
  to   space 14336K, 0% used [0x000000079cf80000,0x000000079cf80000,0x000000079dd80000)
 ParOldGen       total 80896K, used 15944K [0x0000000740000000, 0x0000000744f00000, 0x0000000795580000)
  object space 80896K, 19% used [0x0000000740000000,0x0000000740f921f0,0x0000000744f00000)
 Metaspace       used 39554K, capacity 40762K, committed 41088K, reserved 1085440K
  class space    used 5406K, capacity 5709K, committed 5760K, reserved 1048576K
GC Heap History (10 events):
Event: 14.070 GC heap before
{Heap before GC invocations=3 (full 0):
 PSYoungGen      total 38400K, used 14526K [0x0000000795580000, 0x0000000798000000, 0x00000007c0000000)
  eden space 33280K, 28% used [0x0000000795580000,0x0000000795eb7ba0,0x0000000797600000)
  from space 5120K, 99% used [0x0000000797b00000,0x0000000797ff8050,0x0000000798000000)
  to   space 5120K, 0% used [0x0000000797600000,0x0000000797600000,0x0000000797b00000)
 ParOldGen       total 87552K, used 58023K [0x0000000740000000, 0x0000000745580000, 0x0000000795580000)
  object space 87552K, 66% used [0x0000000740000000,0x00000007438a9cc0,0x0000000745580000)
 Metaspace       used 20512K, capacity 21192K, committed 21248K, reserved 1067008K
  class space    used 2869K, capacity 3067K, committed 3072K, reserved 1048576K
Event: 14.079 GC heap after
Heap after GC invocations=3 (full 0):
 PSYoungGen      total 38400K, used 5088K [0x0000000795580000, 0x000000079a080000, 0x00000007c0000000)
  eden space 33280K, 0% used [0x0000000795580000,0x0000000795580000,0x0000000797600000)
  from space 5120K, 99% used [0x0000000797600000,0x0000000797af8050,0x0000000797b00000)
  to   space 5120K, 0% used [0x0000000799b80000,0x0000000799b80000,0x000000079a080000)
 ParOldGen       total 87552K, used 59826K [0x0000000740000000, 0x0000000745580000, 0x0000000795580000)
  object space 87552K, 68% used [0x0000000740000000,0x0000000743a6c970,0x0000000745580000)
 Metaspace       used 20512K, capacity 21192K, committed 21248K, reserved 1067008K
  class space    used 2869K, capacity 3067K, committed 3072K, reserved 1048576K
}
Event: 14.079 GC heap before
{Heap before GC invocations=4 (full 1):
 PSYoungGen      total 38400K, used 5088K [0x0000000795580000, 0x000000079a080000, 0x00000007c0000000)
  eden space 33280K, 0% used [0x0000000795580000,0x0000000795580000,0x0000000797600000)
  from space 5120K, 99% used [0x0000000797600000,0x0000000797af8050,0x0000000797b00000)
  to   space 5120K, 0% used [0x0000000799b80000,0x0000000799b80000,0x000000079a080000)
 ParOldGen       total 87552K, used 59826K [0x0000000740000000, 0x0000000745580000, 0x0000000795580000)
  object space 87552K, 68% used [0x0000000740000000,0x0000000743a6c970,0x0000000745580000)
 Metaspace       used 20512K, capacity 21192K, committed 21248K, reserved 1067008K
  class space    used 2869K, capacity 3067K, committed 3072K, reserved 1048576K
Event: 14.116 GC heap after
Heap after GC invocations=4 (full 1):
 PSYoungGen      total 38400K, used 0K [0x0000000795580000, 0x000000079a080000, 0x00000007c0000000)
  eden space 33280K, 0% used [0x0000000795580000,0x0000000795580000,0x0000000797600000)
  from space 5120K, 0% used [0x0000000797600000,0x0000000797600000,0x0000000797b00000)
  to   space 5120K, 0% used [0x0000000799b80000,0x0000000799b80000,0x000000079a080000)
 ParOldGen       total 112128K, used 57244K [0x0000000740000000, 0x0000000746d80000, 0x0000000795580000)
  object space 112128K, 51% used [0x0000000740000000,0x00000007437e73d0,0x0000000746d80000)
 Metaspace       used 20512K, capacity 21192K, committed 21248K, reserved 1067008K
  class space    used 2869K, capacity 3067K, committed 3072K, reserved 1048576K
}
Event: 20.896 GC heap before
{Heap before GC invocations=5 (full 1):
 PSYoungGen      total 38400K, used 33280K [0x0000000795580000, 0x000000079a080000, 0x00000007c0000000)
  eden space 33280K, 100% used [0x0000000795580000,0x0000000797600000,0x0000000797600000)
  from space 5120K, 0% used [0x0000000797600000,0x0000000797600000,0x0000000797b00000)
  to   space 5120K, 0% used [0x0000000799b80000,0x0000000799b80000,0x000000079a080000)
 ParOldGen       total 112128K, used 57244K [0x0000000740000000, 0x0000000746d80000, 0x0000000795580000)
  object space 112128K, 51% used [0x0000000740000000,0x00000007437e73d0,0x0000000746d80000)
 Metaspace       used 27635K, capacity 28590K, committed 28928K, reserved 1075200K
  class space    used 3723K, capacity 3976K, committed 4096K, reserved 1048576K
Event: 20.904 GC heap after
Heap after GC invocations=5 (full 1):
 PSYoungGen      total 66048K, used 5116K [0x0000000795580000, 0x000000079a080000, 0x00000007c0000000)
  eden space 60928K, 0% used [0x0000000795580000,0x0000000795580000,0x0000000799100000)
  from space 5120K, 99% used [0x0000000799b80000,0x000000079a07f258,0x000000079a080000)
  to   space 5120K, 0% used [0x0000000799680000,0x0000000799680000,0x0000000799b80000)
 ParOldGen       total 112128K, used 60450K [0x0000000740000000, 0x0000000746d80000, 0x0000000795580000)
  object space 112128K, 53% used [0x0000000740000000,0x0000000743b089f8,0x0000000746d80000)
 Metaspace       used 27635K, capacity 28590K, committed 28928K, reserved 1075200K
  class space    used 3723K, capacity 3976K, committed 4096K, reserved 1048576K
}
Event: 22.058 GC heap before
{Heap before GC invocations=6 (full 1):
 PSYoungGen      total 66048K, used 36072K [0x0000000795580000, 0x000000079a080000, 0x00000007c0000000)
  eden space 60928K, 50% used [0x0000000795580000,0x00000007973baef0,0x0000000799100000)
  from space 5120K, 99% used [0x0000000799b80000,0x000000079a07f258,0x000000079a080000)
  to   space 5120K, 0% used [0x0000000799680000,0x0000000799680000,0x0000000799b80000)
 ParOldGen       total 112128K, used 60450K [0x0000000740000000, 0x0000000746d80000, 0x0000000795580000)
  object space 112128K, 53% used [0x0000000740000000,0x0000000743b089f8,0x0000000746d80000)
 Metaspace       used 34257K, capacity 35218K, committed 35416K, reserved 1079296K
  class space    used 4566K, capacity 4817K, committed 4864K, reserved 1048576K
Event: 22.068 GC heap after
Heap after GC invocations=6 (full 1):
 PSYoungGen      total 71680K, used 5099K [0x0000000795580000, 0x000000079dd80000, 0x00000007c0000000)
  eden space 66560K, 0% used [0x0000000795580000,0x0000000795580000,0x0000000799680000)
  from space 5120K, 99% used [0x0000000799680000,0x0000000799b7afc0,0x0000000799b80000)
  to   space 14336K, 0% used [0x000000079cf80000,0x000000079cf80000,0x000000079dd80000)
 ParOldGen       total 112128K, used 62132K [0x0000000740000000, 0x0000000746d80000, 0x0000000795580000)
  object space 112128K, 55% used [0x0000000740000000,0x0000000743cad018,0x0000000746d80000)
 Metaspace       used 34257K, capacity 35218K, committed 35416K, reserved 1079296K
  class space    used 4566K, capacity 4817K, committed 4864K, reserved 1048576K
}
Event: 22.068 GC heap before
{Heap before GC invocations=7 (full 2):
 PSYoungGen      total 71680K, used 5099K [0x0000000795580000, 0x000000079dd80000, 0x00000007c0000000)
  eden space 66560K, 0% used [0x0000000795580000,0x0000000795580000,0x0000000799680000)
  from space 5120K, 99% used [0x0000000799680000,0x0000000799b7afc0,0x0000000799b80000)
  to   space 14336K, 0% used [0x000000079cf80000,0x000000079cf80000,0x000000079dd80000)
 ParOldGen       total 112128K, used 62132K [0x0000000740000000, 0x0000000746d80000, 0x0000000795580000)
  object space 112128K, 55% used [0x0000000740000000,0x0000000743cad018,0x0000000746d80000)
 Metaspace       used 34257K, capacity 35218K, committed 35416K, reserved 1079296K
  class space    used 4566K, capacity 4817K, committed 4864K, reserved 1048576K
Event: 22.126 GC heap after
Heap after GC invocations=7 (full 2):
 PSYoungGen      total 71680K, used 0K [0x0000000795580000, 0x000000079dd80000, 0x00000007c0000000)
  eden space 66560K, 0% used [0x0000000795580000,0x0000000795580000,0x0000000799680000)
  from space 5120K, 0% used [0x0000000799680000,0x0000000799680000,0x0000000799b80000)
  to   space 14336K, 0% used [0x000000079cf80000,0x000000079cf80000,0x000000079dd80000)
 ParOldGen       total 80896K, used 15944K [0x0000000740000000, 0x0000000744f00000, 0x0000000795580000)
  object space 80896K, 19% used [0x0000000740000000,0x0000000740f921f0,0x0000000744f00000)
 Metaspace       used 34257K, capacity 35218K, committed 35416K, reserved 1079296K
  class space    used 4566K, capacity 4817K, committed 4864K, reserved 1048576K
}

