# JRE version: OpenJDK Runtime Environment (Zulu 8.58.0.13-CA-macosx) (8.0_312-b07) (build 1.8.0_312-b07)
# Java VM: OpenJDK 64-Bit Server VM (25.312-b07 mixed mode bsd-amd64 compressed oops)
Heap:
 PSYoungGen      total 71680K, used 34161K [0x0000000795580000, 0x00000007a0080000, 0x00000007c0000000)
  eden space 66560K, 43% used [0x0000000795580000,0x00000007971e3cc0,0x0000000799680000)
  from space 5120K, 99% used [0x0000000799680000,0x0000000799b78880,0x0000000799b80000)
  to   space 24576K, 0% used [0x000000079e880000,0x000000079e880000,0x00000007a0080000)
 ParOldGen       total 108032K, used 76817K [0x0000000740000000, 0x0000000746980000, 0x0000000795580000)
  object space 108032K, 71% used [0x0000000740000000,0x0000000744b04780,0x0000000746980000)
 Metaspace       used 30265K, capacity 31814K, committed 32000K, reserved 1077248K
  class space    used 3983K, capacity 4278K, committed 4352K, reserved 1048576K
GC Heap History (10 events):
Event: 19.621 GC heap before
{Heap before GC invocations=2 (full 0):
 PSYoungGen      total 38400K, used 38399K [0x0000000795580000, 0x0000000798000000, 0x00000007c0000000)
  eden space 33280K, 100% used [0x0000000795580000,0x0000000797600000,0x0000000797600000)
  from space 5120K, 99% used [0x0000000797600000,0x0000000797affd30,0x0000000797b00000)
  to   space 5120K, 0% used [0x0000000797b00000,0x0000000797b00000,0x0000000798000000)
 ParOldGen       total 87552K, used 49141K [0x0000000740000000, 0x0000000745580000, 0x0000000795580000)
  object space 87552K, 56% used [0x0000000740000000,0x0000000742ffd650,0x0000000745580000)
 Metaspace       used 19483K, capacity 20284K, committed 20352K, reserved 1067008K
  class space    used 2745K, capacity 2929K, committed 2944K, reserved 1048576K
Event: 19.634 GC heap after
Heap after GC invocations=2 (full 0):
 PSYoungGen      total 38400K, used 5104K [0x0000000795580000, 0x0000000798000000, 0x00000007c0000000)
  eden space 33280K, 0% used [0x0000000795580000,0x0000000795580000,0x0000000797600000)
  from space 5120K, 99% used [0x0000000797b00000,0x0000000797ffc040,0x0000000798000000)
  to   space 5120K, 0% used [0x0000000797600000,0x0000000797600000,0x0000000797b00000)
 ParOldGen       total 87552K, used 58243K [0x0000000740000000, 0x0000000745580000, 0x0000000795580000)
  object space 87552K, 66% used [0x0000000740000000,0x00000007438e0d58,0x0000000745580000)
 Metaspace       used 19483K, capacity 20284K, committed 20352K, reserved 1067008K
  class space    used 2745K, capacity 2929K, committed 2944K, reserved 1048576K
}
Event: 19.713 GC heap before
{Heap before GC invocations=3 (full 0):
 PSYoungGen      total 38400K, used 10864K [0x0000000795580000, 0x0000000798000000, 0x00000007c0000000)
  eden space 33280K, 17% used [0x0000000795580000,0x0000000795b20090,0x0000000797600000)
  from space 5120K, 99% used [0x0000000797b00000,0x0000000797ffc040,0x0000000798000000)
  to   space 5120K, 0% used [0x0000000797600000,0x0000000797600000,0x0000000797b00000)
 ParOldGen       total 87552K, used 58243K [0x0000000740000000, 0x0000000745580000, 0x0000000795580000)
  object space 87552K, 66% used [0x0000000740000000,0x00000007438e0d58,0x0000000745580000)
 Metaspace       used 20442K, capacity 21202K, committed 21248K, reserved 1067008K
  class space    used 2841K, capacity 3064K, committed 3072K, reserved 1048576K
Event: 19.725 GC heap after
Heap after GC invocations=3 (full 0):
 PSYoungGen      total 38400K, used 5104K [0x0000000795580000, 0x000000079a080000, 0x00000007c0000000)
  eden space 33280K, 0% used [0x0000000795580000,0x0000000795580000,0x0000000797600000)
  from space 5120K, 99% used [0x0000000797600000,0x0000000797afc060,0x0000000797b00000)
  to   space 5120K, 0% used [0x0000000799b80000,0x0000000799b80000,0x000000079a080000)
 ParOldGen       total 87552K, used 58824K [0x0000000740000000, 0x0000000745580000, 0x0000000795580000)
  object space 87552K, 67% used [0x0000000740000000,0x00000007439723b0,0x0000000745580000)
 Metaspace       used 20442K, capacity 21202K, committed 21248K, reserved 1067008K
  class space    used 2841K, capacity 3064K, committed 3072K, reserved 1048576K
}
Event: 19.725 GC heap before
{Heap before GC invocations=4 (full 1):
 PSYoungGen      total 38400K, used 5104K [0x0000000795580000, 0x000000079a080000, 0x00000007c0000000)
  eden space 33280K, 0% used [0x0000000795580000,0x0000000795580000,0x0000000797600000)
  from space 5120K, 99% used [0x0000000797600000,0x0000000797afc060,0x0000000797b00000)
  to   space 5120K, 0% used [0x0000000799b80000,0x0000000799b80000,0x000000079a080000)
 ParOldGen       total 87552K, used 58824K [0x0000000740000000, 0x0000000745580000, 0x0000000795580000)
  object space 87552K, 67% used [0x0000000740000000,0x00000007439723b0,0x0000000745580000)
 Metaspace       used 20442K, capacity 21202K, committed 21248K, reserved 1067008K
  class space    used 2841K, capacity 3064K, committed 3072K, reserved 1048576K
Event: 19.765 GC heap after
Heap after GC invocations=4 (full 1):
 PSYoungGen      total 38400K, used 0K [0x0000000795580000, 0x000000079a080000, 0x00000007c0000000)
  eden space 33280K, 0% used [0x0000000795580000,0x0000000795580000,0x0000000797600000)
  from space 5120K, 0% used [0x0000000797600000,0x0000000797600000,0x0000000797b00000)
  to   space 5120K, 0% used [0x0000000799b80000,0x0000000799b80000,0x000000079a080000)
 ParOldGen       total 108032K, used 56199K [0x0000000740000000, 0x0000000746980000, 0x0000000795580000)
  object space 108032K, 52% used [0x0000000740000000,0x00000007436e1eb0,0x0000000746980000)
 Metaspace       used 20442K, capacity 21202K, committed 21248K, reserved 1067008K
  class space    used 2841K, capacity 3064K, committed 3072K, reserved 1048576K
}
Event: 20.548 GC heap before
{Heap before GC invocations=5 (full 1):
 PSYoungGen      total 38400K, used 32446K [0x0000000795580000, 0x000000079a080000, 0x00000007c0000000)
  eden space 33280K, 97% used [0x0000000795580000,0x000000079752fa70,0x0000000797600000)
  from space 5120K, 0% used [0x0000000797600000,0x0000000797600000,0x0000000797b00000)
  to   space 5120K, 0% used [0x0000000799b80000,0x0000000799b80000,0x000000079a080000)
 ParOldGen       total 108032K, used 56199K [0x0000000740000000, 0x0000000746980000, 0x0000000795580000)
  object space 108032K, 52% used [0x0000000740000000,0x00000007436e1eb0,0x0000000746980000)
 Metaspace       used 27444K, capacity 28750K, committed 28928K, reserved 1075200K
  class space    used 3766K, capacity 4030K, committed 4096K, reserved 1048576K
Event: 20.557 GC heap after
Heap after GC invocations=5 (full 1):
 PSYoungGen      total 70144K, used 5102K [0x0000000795580000, 0x000000079a080000, 0x00000007c0000000)
  eden space 65024K, 0% used [0x0000000795580000,0x0000000795580000,0x0000000799500000)
  from space 5120K, 99% used [0x0000000799b80000,0x000000079a07b880,0x000000079a080000)
  to   space 5120K, 0% used [0x0000000799680000,0x0000000799680000,0x0000000799b80000)
 ParOldGen       total 108032K, used 57992K [0x0000000740000000, 0x0000000746980000, 0x0000000795580000)
  object space 108032K, 53% used [0x0000000740000000,0x00000007438a2310,0x0000000746980000)
 Metaspace       used 27444K, capacity 28750K, committed 28928K, reserved 1075200K
  class space    used 3766K, capacity 4030K, committed 4096K, reserved 1048576K
}
Event: 72.079 GC heap before
{Heap before GC invocations=6 (full 1):
 PSYoungGen      total 70144K, used 70126K [0x0000000795580000, 0x000000079a080000, 0x00000007c0000000)
  eden space 65024K, 100% used [0x0000000795580000,0x0000000799500000,0x0000000799500000)
  from space 5120K, 99% used [0x0000000799b80000,0x000000079a07b880,0x000000079a080000)
  to   space 5120K, 0% used [0x0000000799680000,0x0000000799680000,0x0000000799b80000)
 ParOldGen       total 108032K, used 57992K [0x0000000740000000, 0x0000000746980000, 0x0000000795580000)
  object space 108032K, 53% used [0x0000000740000000,0x00000007438a2310,0x0000000746980000)
 Metaspace       used 30026K, capacity 31610K, committed 31744K, reserved 1077248K
  class space    used 3981K, capacity 4276K, committed 4352K, reserved 1048576K
Event: 72.112 GC heap after
Heap after GC invocations=6 (full 1):
 PSYoungGen      total 71680K, used 5090K [0x0000000795580000, 0x00000007a0080000, 0x00000007c0000000)
  eden space 66560K, 0% used [0x0000000795580000,0x0000000795580000,0x0000000799680000)
  from space 5120K, 99% used [0x0000000799680000,0x0000000799b78880,0x0000000799b80000)
  to   space 24576K, 0% used [0x000000079e880000,0x000000079e880000,0x00000007a0080000)
 ParOldGen       total 108032K, used 76817K [0x0000000740000000, 0x0000000746980000, 0x0000000795580000)
  object space 108032K, 71% used [0x0000000740000000,0x0000000744b04780,0x0000000746980000)
 Metaspace       used 30026K, capacity 31610K, committed 31744K, reserved 1077248K
  class space    used 3981K, capacity 4276K, committed 4352K, reserved 1048576K
}

