# JRE version: OpenJDK Runtime Environment (Zulu 8.58.0.13-CA-macosx) (8.0_312-b07) (build 1.8.0_312-b07)
# Java VM: OpenJDK 64-Bit Server VM (25.312-b07 mixed mode bsd-amd64 compressed oops)
Heap:
 PSYoungGen      total 65536K, used 22069K [0x0000000795580000, 0x000000079a080000, 0x00000007c0000000)
  eden space 60416K, 28% used [0x0000000795580000,0x000000079660dc58,0x0000000799080000)
  from space 5120K, 99% used [0x0000000799b80000,0x000000079a07f870,0x000000079a080000)
  to   space 5120K, 0% used [0x0000000799680000,0x0000000799680000,0x0000000799b80000)
 ParOldGen       total 113152K, used 61575K [0x0000000740000000, 0x0000000746e80000, 0x0000000795580000)
  object space 113152K, 54% used [0x0000000740000000,0x0000000743c21d78,0x0000000746e80000)
 Metaspace       used 28471K, capacity 29912K, committed 30080K, reserved 1075200K
  class space    used 3866K, capacity 4149K, committed 4224K, reserved 1048576K
GC Heap History (10 events):
Event: 2.603 GC heap before
{Heap before GC invocations=1 (full 0):
 PSYoungGen      total 38400K, used 33280K [0x0000000795580000, 0x0000000798000000, 0x00000007c0000000)
  eden space 33280K, 100% used [0x0000000795580000,0x0000000797600000,0x0000000797600000)
  from space 5120K, 0% used [0x0000000797b00000,0x0000000797b00000,0x0000000798000000)
  to   space 5120K, 0% used [0x0000000797600000,0x0000000797600000,0x0000000797b00000)
 ParOldGen       total 87552K, used 46875K [0x0000000740000000, 0x0000000745580000, 0x0000000795580000)
  object space 87552K, 53% used [0x0000000740000000,0x0000000742dc6c10,0x0000000745580000)
 Metaspace       used 12026K, capacity 12402K, committed 12800K, reserved 1060864K
  class space    used 1568K, capacity 1692K, committed 1792K, reserved 1048576K
Event: 2.614 GC heap after
Heap after GC invocations=1 (full 0):
 PSYoungGen      total 38400K, used 5119K [0x0000000795580000, 0x0000000798000000, 0x00000007c0000000)
  eden space 33280K, 0% used [0x0000000795580000,0x0000000795580000,0x0000000797600000)
  from space 5120K, 99% used [0x0000000797600000,0x0000000797affd30,0x0000000797b00000)
  to   space 5120K, 0% used [0x0000000797b00000,0x0000000797b00000,0x0000000798000000)
 ParOldGen       total 87552K, used 49131K [0x0000000740000000, 0x0000000745580000, 0x0000000795580000)
  object space 87552K, 56% used [0x0000000740000000,0x0000000742ffadd0,0x0000000745580000)
 Metaspace       used 12026K, capacity 12402K, committed 12800K, reserved 1060864K
  class space    used 1568K, capacity 1692K, committed 1792K, reserved 1048576K
}
Event: 9.173 GC heap before
{Heap before GC invocations=2 (full 0):
 PSYoungGen      total 38400K, used 38399K [0x0000000795580000, 0x0000000798000000, 0x00000007c0000000)
  eden space 33280K, 100% used [0x0000000795580000,0x0000000797600000,0x0000000797600000)
  from space 5120K, 99% used [0x0000000797600000,0x0000000797affd30,0x0000000797b00000)
  to   space 5120K, 0% used [0x0000000797b00000,0x0000000797b00000,0x0000000798000000)
 ParOldGen       total 87552K, used 49131K [0x0000000740000000, 0x0000000745580000, 0x0000000795580000)
  object space 87552K, 56% used [0x0000000740000000,0x0000000742ffadd0,0x0000000745580000)
 Metaspace       used 19452K, capacity 20220K, committed 20352K, reserved 1067008K
  class space    used 2740K, capacity 2929K, committed 2944K, reserved 1048576K
Event: 9.183 GC heap after
Heap after GC invocations=2 (full 0):
 PSYoungGen      total 38400K, used 5092K [0x0000000795580000, 0x0000000798000000, 0x00000007c0000000)
  eden space 33280K, 0% used [0x0000000795580000,0x0000000795580000,0x0000000797600000)
  from space 5120K, 99% used [0x0000000797b00000,0x0000000797ff9040,0x0000000798000000)
  to   space 5120K, 0% used [0x0000000797600000,0x0000000797600000,0x0000000797b00000)
 ParOldGen       total 87552K, used 56421K [0x0000000740000000, 0x0000000745580000, 0x0000000795580000)
  object space 87552K, 64% used [0x0000000740000000,0x00000007437195c8,0x0000000745580000)
 Metaspace       used 19452K, capacity 20220K, committed 20352K, reserved 1067008K
  class space    used 2740K, capacity 2929K, committed 2944K, reserved 1048576K
}
Event: 9.275 GC heap before
{Heap before GC invocations=3 (full 0):
 PSYoungGen      total 38400K, used 11136K [0x0000000795580000, 0x0000000798000000, 0x00000007c0000000)
  eden space 33280K, 18% used [0x0000000795580000,0x0000000795b67010,0x0000000797600000)
  from space 5120K, 99% used [0x0000000797b00000,0x0000000797ff9040,0x0000000798000000)
  to   space 5120K, 0% used [0x0000000797600000,0x0000000797600000,0x0000000797b00000)
 ParOldGen       total 87552K, used 56421K [0x0000000740000000, 0x0000000745580000, 0x0000000795580000)
  object space 87552K, 64% used [0x0000000740000000,0x00000007437195c8,0x0000000745580000)
 Metaspace       used 20432K, capacity 21202K, committed 21248K, reserved 1067008K
  class space    used 2841K, capacity 3064K, committed 3072K, reserved 1048576K
Event: 9.280 GC heap after
Heap after GC invocations=3 (full 0):
 PSYoungGen      total 38400K, used 4182K [0x0000000795580000, 0x000000079a080000, 0x00000007c0000000)
  eden space 33280K, 0% used [0x0000000795580000,0x0000000795580000,0x0000000797600000)
  from space 5120K, 81% used [0x0000000797600000,0x0000000797a15990,0x0000000797b00000)
  to   space 5120K, 0% used [0x0000000799b80000,0x0000000799b80000,0x000000079a080000)
 ParOldGen       total 87552K, used 60021K [0x0000000740000000, 0x0000000745580000, 0x0000000795580000)
  object space 87552K, 68% used [0x0000000740000000,0x0000000743a9d5e8,0x0000000745580000)
 Metaspace       used 20432K, capacity 21202K, committed 21248K, reserved 1067008K
  class space    used 2841K, capacity 3064K, committed 3072K, reserved 1048576K
}
Event: 9.280 GC heap before
{Heap before GC invocations=4 (full 1):
 PSYoungGen      total 38400K, used 4182K [0x0000000795580000, 0x000000079a080000, 0x00000007c0000000)
  eden space 33280K, 0% used [0x0000000795580000,0x0000000795580000,0x0000000797600000)
  from space 5120K, 81% used [0x0000000797600000,0x0000000797a15990,0x0000000797b00000)
  to   space 5120K, 0% used [0x0000000799b80000,0x0000000799b80000,0x000000079a080000)
 ParOldGen       total 87552K, used 60021K [0x0000000740000000, 0x0000000745580000, 0x0000000795580000)
  object space 87552K, 68% used [0x0000000740000000,0x0000000743a9d5e8,0x0000000745580000)
 Metaspace       used 20432K, capacity 21202K, committed 21248K, reserved 1067008K
  class space    used 2841K, capacity 3064K, committed 3072K, reserved 1048576K
Event: 9.315 GC heap after
Heap after GC invocations=4 (full 1):
 PSYoungGen      total 38400K, used 0K [0x0000000795580000, 0x000000079a080000, 0x00000007c0000000)
  eden space 33280K, 0% used [0x0000000795580000,0x0000000795580000,0x0000000797600000)
  from space 5120K, 0% used [0x0000000797600000,0x0000000797600000,0x0000000797b00000)
  to   space 5120K, 0% used [0x0000000799b80000,0x0000000799b80000,0x000000079a080000)
 ParOldGen       total 113152K, used 59778K [0x0000000740000000, 0x0000000746e80000, 0x0000000795580000)
  object space 113152K, 52% used [0x0000000740000000,0x0000000743a60a20,0x0000000746e80000)
 Metaspace       used 20432K, capacity 21202K, committed 21248K, reserved 1067008K
  class space    used 2841K, capacity 3064K, committed 3072K, reserved 1048576K
}
Event: 10.312 GC heap before
{Heap before GC invocations=5 (full 1):
 PSYoungGen      total 38400K, used 32513K [0x0000000795580000, 0x000000079a080000, 0x00000007c0000000)
  eden space 33280K, 97% used [0x0000000795580000,0x00000007975405c8,0x0000000797600000)
  from space 5120K, 0% used [0x0000000797600000,0x0000000797600000,0x0000000797b00000)
  to   space 5120K, 0% used [0x0000000799b80000,0x0000000799b80000,0x000000079a080000)
 ParOldGen       total 113152K, used 59778K [0x0000000740000000, 0x0000000746e80000, 0x0000000795580000)
  object space 113152K, 52% used [0x0000000740000000,0x0000000743a60a20,0x0000000746e80000)
 Metaspace       used 27413K, capacity 28686K, committed 28928K, reserved 1075200K
  class space    used 3766K, capacity 4030K, committed 4096K, reserved 1048576K
Event: 10.322 GC heap after
Heap after GC invocations=5 (full 1):
 PSYoungGen      total 65536K, used 5118K [0x0000000795580000, 0x000000079a080000, 0x00000007c0000000)
  eden space 60416K, 0% used [0x0000000795580000,0x0000000795580000,0x0000000799080000)
  from space 5120K, 99% used [0x0000000799b80000,0x000000079a07f870,0x000000079a080000)
  to   space 5120K, 0% used [0x0000000799680000,0x0000000799680000,0x0000000799b80000)
 ParOldGen       total 113152K, used 61575K [0x0000000740000000, 0x0000000746e80000, 0x0000000795580000)
  object space 113152K, 54% used [0x0000000740000000,0x0000000743c21d78,0x0000000746e80000)
 Metaspace       used 27413K, capacity 28686K, committed 28928K, reserved 1075200K
  class space    used 3766K, capacity 4030K, committed 4096K, reserved 1048576K
}

