# JRE version: OpenJDK Runtime Environment (Zulu 8.58.0.13-CA-macosx) (8.0_312-b07) (build 1.8.0_312-b07)
# Java VM: OpenJDK 64-Bit Server VM (25.312-b07 mixed mode bsd-amd64 compressed oops)
Heap:
 PSYoungGen      total 38400K, used 6060K [0x0000000795580000, 0x0000000799100000, 0x00000007c0000000)
  eden space 33280K, 2% used [0x0000000795580000,0x000000079566c3a8,0x0000000797600000)
  from space 5120K, 99% used [0x0000000797b00000,0x0000000797fff020,0x0000000798000000)
  to   space 5120K, 0% used [0x0000000797600000,0x0000000797600000,0x0000000797b00000)
 ParOldGen       total 121344K, used 61195K [0x0000000740000000, 0x0000000747680000, 0x0000000795580000)
  object space 121344K, 50% used [0x0000000740000000,0x0000000743bc2c08,0x0000000747680000)
 Metaspace       used 27441K, capacity 28682K, committed 28976K, reserved 1075200K
  class space    used 3772K, capacity 4030K, committed 4144K, reserved 1048576K
GC Heap History (10 events):
Event: 1.973 GC heap before
{Heap before GC invocations=1 (full 0):
 PSYoungGen      total 38400K, used 33280K [0x0000000795580000, 0x0000000798000000, 0x00000007c0000000)
  eden space 33280K, 100% used [0x0000000795580000,0x0000000797600000,0x0000000797600000)
  from space 5120K, 0% used [0x0000000797b00000,0x0000000797b00000,0x0000000798000000)
  to   space 5120K, 0% used [0x0000000797600000,0x0000000797600000,0x0000000797b00000)
 ParOldGen       total 87552K, used 46875K [0x0000000740000000, 0x0000000745580000, 0x0000000795580000)
  object space 87552K, 53% used [0x0000000740000000,0x0000000742dc6c10,0x0000000745580000)
 Metaspace       used 11632K, capacity 12016K, committed 12160K, reserved 1060864K
  class space    used 1518K, capacity 1627K, committed 1664K, reserved 1048576K
Event: 1.993 GC heap after
Heap after GC invocations=1 (full 0):
 PSYoungGen      total 38400K, used 5103K [0x0000000795580000, 0x0000000798000000, 0x00000007c0000000)
  eden space 33280K, 0% used [0x0000000795580000,0x0000000795580000,0x0000000797600000)
  from space 5120K, 99% used [0x0000000797600000,0x0000000797afbe40,0x0000000797b00000)
  to   space 5120K, 0% used [0x0000000797b00000,0x0000000797b00000,0x0000000798000000)
 ParOldGen       total 87552K, used 48868K [0x0000000740000000, 0x0000000745580000, 0x0000000795580000)
  object space 87552K, 55% used [0x0000000740000000,0x0000000742fb9160,0x0000000745580000)
 Metaspace       used 11632K, capacity 12016K, committed 12160K, reserved 1060864K
  class space    used 1518K, capacity 1627K, committed 1664K, reserved 1048576K
}
Event: 7.732 GC heap before
{Heap before GC invocations=2 (full 0):
 PSYoungGen      total 38400K, used 38383K [0x0000000795580000, 0x0000000798000000, 0x00000007c0000000)
  eden space 33280K, 100% used [0x0000000795580000,0x0000000797600000,0x0000000797600000)
  from space 5120K, 99% used [0x0000000797600000,0x0000000797afbe40,0x0000000797b00000)
  to   space 5120K, 0% used [0x0000000797b00000,0x0000000797b00000,0x0000000798000000)
 ParOldGen       total 87552K, used 48868K [0x0000000740000000, 0x0000000745580000, 0x0000000795580000)
  object space 87552K, 55% used [0x0000000740000000,0x0000000742fb9160,0x0000000745580000)
 Metaspace       used 19135K, capacity 19854K, committed 20096K, reserved 1067008K
  class space    used 2741K, capacity 2918K, committed 2944K, reserved 1048576K
Event: 7.749 GC heap after
Heap after GC invocations=2 (full 0):
 PSYoungGen      total 38400K, used 5088K [0x0000000795580000, 0x0000000798000000, 0x00000007c0000000)
  eden space 33280K, 0% used [0x0000000795580000,0x0000000795580000,0x0000000797600000)
  from space 5120K, 99% used [0x0000000797b00000,0x0000000797ff8070,0x0000000798000000)
  to   space 5120K, 0% used [0x0000000797600000,0x0000000797600000,0x0000000797b00000)
 ParOldGen       total 87552K, used 56448K [0x0000000740000000, 0x0000000745580000, 0x0000000795580000)
  object space 87552K, 64% used [0x0000000740000000,0x0000000743720090,0x0000000745580000)
 Metaspace       used 19135K, capacity 19854K, committed 20096K, reserved 1067008K
  class space    used 2741K, capacity 2918K, committed 2944K, reserved 1048576K
}
Event: 9.627 GC heap before
{Heap before GC invocations=3 (full 0):
 PSYoungGen      total 38400K, used 13733K [0x0000000795580000, 0x0000000798000000, 0x00000007c0000000)
  eden space 33280K, 25% used [0x0000000795580000,0x0000000795df14e8,0x0000000797600000)
  from space 5120K, 99% used [0x0000000797b00000,0x0000000797ff8070,0x0000000798000000)
  to   space 5120K, 0% used [0x0000000797600000,0x0000000797600000,0x0000000797b00000)
 ParOldGen       total 87552K, used 56448K [0x0000000740000000, 0x0000000745580000, 0x0000000795580000)
  object space 87552K, 64% used [0x0000000740000000,0x0000000743720090,0x0000000745580000)
 Metaspace       used 20451K, capacity 21196K, committed 21296K, reserved 1067008K
  class space    used 2887K, capacity 3089K, committed 3120K, reserved 1048576K
Event: 9.652 GC heap after
Heap after GC invocations=3 (full 0):
 PSYoungGen      total 38400K, used 5088K [0x0000000795580000, 0x0000000798000000, 0x00000007c0000000)
  eden space 33280K, 0% used [0x0000000795580000,0x0000000795580000,0x0000000797600000)
  from space 5120K, 99% used [0x0000000797600000,0x0000000797af8050,0x0000000797b00000)
  to   space 5120K, 0% used [0x0000000797b00000,0x0000000797b00000,0x0000000798000000)
 ParOldGen       total 87552K, used 58276K [0x0000000740000000, 0x0000000745580000, 0x0000000795580000)
  object space 87552K, 66% used [0x0000000740000000,0x00000007438e9088,0x0000000745580000)
 Metaspace       used 20451K, capacity 21196K, committed 21296K, reserved 1067008K
  class space    used 2887K, capacity 3089K, committed 3120K, reserved 1048576K
}
Event: 9.652 GC heap before
{Heap before GC invocations=4 (full 1):
 PSYoungGen      total 38400K, used 5088K [0x0000000795580000, 0x0000000798000000, 0x00000007c0000000)
  eden space 33280K, 0% used [0x0000000795580000,0x0000000795580000,0x0000000797600000)
  from space 5120K, 99% used [0x0000000797600000,0x0000000797af8050,0x0000000797b00000)
  to   space 5120K, 0% used [0x0000000797b00000,0x0000000797b00000,0x0000000798000000)
 ParOldGen       total 87552K, used 58276K [0x0000000740000000, 0x0000000745580000, 0x0000000795580000)
  object space 87552K, 66% used [0x0000000740000000,0x00000007438e9088,0x0000000745580000)
 Metaspace       used 20451K, capacity 21196K, committed 21296K, reserved 1067008K
  class space    used 2887K, capacity 3089K, committed 3120K, reserved 1048576K
Event: 9.725 GC heap after
Heap after GC invocations=4 (full 1):
 PSYoungGen      total 38400K, used 0K [0x0000000795580000, 0x0000000798000000, 0x00000007c0000000)
  eden space 33280K, 0% used [0x0000000795580000,0x0000000795580000,0x0000000797600000)
  from space 5120K, 0% used [0x0000000797600000,0x0000000797600000,0x0000000797b00000)
  to   space 5120K, 0% used [0x0000000797b00000,0x0000000797b00000,0x0000000798000000)
 ParOldGen       total 121344K, used 57311K [0x0000000740000000, 0x0000000747680000, 0x0000000795580000)
  object space 121344K, 47% used [0x0000000740000000,0x00000007437f7cc0,0x0000000747680000)
 Metaspace       used 20451K, capacity 21196K, committed 21296K, reserved 1067008K
  class space    used 2887K, capacity 3089K, committed 3120K, reserved 1048576K
}
Event: 11.732 GC heap before
{Heap before GC invocations=5 (full 1):
 PSYoungGen      total 38400K, used 33280K [0x0000000795580000, 0x0000000798000000, 0x00000007c0000000)
  eden space 33280K, 100% used [0x0000000795580000,0x0000000797600000,0x0000000797600000)
  from space 5120K, 0% used [0x0000000797600000,0x0000000797600000,0x0000000797b00000)
  to   space 5120K, 0% used [0x0000000797b00000,0x0000000797b00000,0x0000000798000000)
 ParOldGen       total 121344K, used 57311K [0x0000000740000000, 0x0000000747680000, 0x0000000795580000)
  object space 121344K, 47% used [0x0000000740000000,0x00000007437f7cc0,0x0000000747680000)
 Metaspace       used 27425K, capacity 28656K, committed 28976K, reserved 1075200K
  class space    used 3767K, capacity 4021K, committed 4144K, reserved 1048576K
Event: 11.743 GC heap after
Heap after GC invocations=5 (full 1):
 PSYoungGen      total 38400K, used 5116K [0x0000000795580000, 0x0000000799100000, 0x00000007c0000000)
  eden space 33280K, 0% used [0x0000000795580000,0x0000000795580000,0x0000000797600000)
  from space 5120K, 99% used [0x0000000797b00000,0x0000000797fff020,0x0000000798000000)
  to   space 5120K, 0% used [0x0000000797600000,0x0000000797600000,0x0000000797b00000)
 ParOldGen       total 121344K, used 61195K [0x0000000740000000, 0x0000000747680000, 0x0000000795580000)
  object space 121344K, 50% used [0x0000000740000000,0x0000000743bc2c08,0x0000000747680000)
 Metaspace       used 27425K, capacity 28656K, committed 28976K, reserved 1075200K
  class space    used 3767K, capacity 4021K, committed 4144K, reserved 1048576K
}

