# JRE version: OpenJDK Runtime Environment (Zulu 8.58.0.13-CA-macosx) (8.0_312-b07) (build 1.8.0_312-b07)
# Java VM: OpenJDK 64-Bit Server VM (25.312-b07 mixed mode bsd-amd64 compressed oops)
Heap:
 PSYoungGen      total 71680K, used 40263K [0x0000000795580000, 0x000000079db00000, 0x00000007c0000000)
  eden space 66560K, 60% used [0x0000000795580000,0x0000000797cd1d68,0x0000000799680000)
  from space 5120K, 0% used [0x0000000799680000,0x0000000799680000,0x0000000799b80000)
  to   space 20480K, 0% used [0x000000079c700000,0x000000079c700000,0x000000079db00000)
 ParOldGen       total 104960K, used 23590K [0x0000000740000000, 0x0000000746680000, 0x0000000795580000)
  object space 104960K, 22% used [0x0000000740000000,0x0000000741709950,0x0000000746680000)
 Metaspace       used 43288K, capacity 45112K, committed 45224K, reserved 1087488K
  class space    used 5939K, capacity 6308K, committed 6320K, reserved 1048576K
GC Heap History (10 events):
Event: 7.246 GC heap before
{Heap before GC invocations=3 (full 0):
 PSYoungGen      total 38400K, used 13944K [0x0000000795580000, 0x000000079a080000, 0x00000007c0000000)
  eden space 33280K, 26% used [0x0000000795580000,0x0000000795e26350,0x0000000797600000)
  from space 5120K, 99% used [0x0000000799b80000,0x000000079a078030,0x000000079a080000)
  to   space 5120K, 0% used [0x0000000797600000,0x0000000797600000,0x0000000797b00000)
 ParOldGen       total 87552K, used 58119K [0x0000000740000000, 0x0000000745580000, 0x0000000795580000)
  object space 87552K, 66% used [0x0000000740000000,0x00000007438c1e70,0x0000000745580000)
 Metaspace       used 20475K, capacity 21224K, committed 21296K, reserved 1067008K
  class space    used 2882K, capacity 3099K, committed 3120K, reserved 1048576K
Event: 7.252 GC heap after
Heap after GC invocations=3 (full 0):
 PSYoungGen      total 38400K, used 5088K [0x0000000795580000, 0x000000079a080000, 0x00000007c0000000)
  eden space 33280K, 0% used [0x0000000795580000,0x0000000795580000,0x0000000797600000)
  from space 5120K, 99% used [0x0000000797600000,0x0000000797af8070,0x0000000797b00000)
  to   space 5120K, 0% used [0x0000000799b80000,0x0000000799b80000,0x000000079a080000)
 ParOldGen       total 87552K, used 60021K [0x0000000740000000, 0x0000000745580000, 0x0000000795580000)
  object space 87552K, 68% used [0x0000000740000000,0x0000000743a9d580,0x0000000745580000)
 Metaspace       used 20475K, capacity 21224K, committed 21296K, reserved 1067008K
  class space    used 2882K, capacity 3099K, committed 3120K, reserved 1048576K
}
Event: 7.252 GC heap before
{Heap before GC invocations=4 (full 1):
 PSYoungGen      total 38400K, used 5088K [0x0000000795580000, 0x000000079a080000, 0x00000007c0000000)
  eden space 33280K, 0% used [0x0000000795580000,0x0000000795580000,0x0000000797600000)
  from space 5120K, 99% used [0x0000000797600000,0x0000000797af8070,0x0000000797b00000)
  to   space 5120K, 0% used [0x0000000799b80000,0x0000000799b80000,0x000000079a080000)
 ParOldGen       total 87552K, used 60021K [0x0000000740000000, 0x0000000745580000, 0x0000000795580000)
  object space 87552K, 68% used [0x0000000740000000,0x0000000743a9d580,0x0000000745580000)
 Metaspace       used 20475K, capacity 21224K, committed 21296K, reserved 1067008K
  class space    used 2882K, capacity 3099K, committed 3120K, reserved 1048576K
Event: 7.295 GC heap after
Heap after GC invocations=4 (full 1):
 PSYoungGen      total 38400K, used 0K [0x0000000795580000, 0x000000079a080000, 0x00000007c0000000)
  eden space 33280K, 0% used [0x0000000795580000,0x0000000795580000,0x0000000797600000)
  from space 5120K, 0% used [0x0000000797600000,0x0000000797600000,0x0000000797b00000)
  to   space 5120K, 0% used [0x0000000799b80000,0x0000000799b80000,0x000000079a080000)
 ParOldGen       total 116224K, used 57341K [0x0000000740000000, 0x0000000747180000, 0x0000000795580000)
  object space 116224K, 49% used [0x0000000740000000,0x00000007437ff660,0x0000000747180000)
 Metaspace       used 20475K, capacity 21224K, committed 21296K, reserved 1067008K
  class space    used 2882K, capacity 3099K, committed 3120K, reserved 1048576K
}
Event: 8.875 GC heap before
{Heap before GC invocations=5 (full 1):
 PSYoungGen      total 38400K, used 33280K [0x0000000795580000, 0x000000079a080000, 0x00000007c0000000)
  eden space 33280K, 100% used [0x0000000795580000,0x0000000797600000,0x0000000797600000)
  from space 5120K, 0% used [0x0000000797600000,0x0000000797600000,0x0000000797b00000)
  to   space 5120K, 0% used [0x0000000799b80000,0x0000000799b80000,0x000000079a080000)
 ParOldGen       total 116224K, used 57341K [0x0000000740000000, 0x0000000747180000, 0x0000000795580000)
  object space 116224K, 49% used [0x0000000740000000,0x00000007437ff660,0x0000000747180000)
 Metaspace       used 27397K, capacity 28622K, committed 28976K, reserved 1075200K
  class space    used 3768K, capacity 4030K, committed 4144K, reserved 1048576K
Event: 8.882 GC heap after
Heap after GC invocations=5 (full 1):
 PSYoungGen      total 62464K, used 5100K [0x0000000795580000, 0x000000079a080000, 0x00000007c0000000)
  eden space 57344K, 0% used [0x0000000795580000,0x0000000795580000,0x0000000798d80000)
  from space 5120K, 99% used [0x0000000799b80000,0x000000079a07b020,0x000000079a080000)
  to   space 5120K, 0% used [0x0000000799680000,0x0000000799680000,0x0000000799b80000)
 ParOldGen       total 116224K, used 61188K [0x0000000740000000, 0x0000000747180000, 0x0000000795580000)
  object space 116224K, 52% used [0x0000000740000000,0x0000000743bc13a0,0x0000000747180000)
 Metaspace       used 27397K, capacity 28622K, committed 28976K, reserved 1075200K
  class space    used 3768K, capacity 4030K, committed 4144K, reserved 1048576K
}
Event: 15.827 GC heap before
{Heap before GC invocations=6 (full 1):
 PSYoungGen      total 62464K, used 57786K [0x0000000795580000, 0x000000079a080000, 0x00000007c0000000)
  eden space 57344K, 91% used [0x0000000795580000,0x00000007988f39b8,0x0000000798d80000)
  from space 5120K, 99% used [0x0000000799b80000,0x000000079a07b020,0x000000079a080000)
  to   space 5120K, 0% used [0x0000000799680000,0x0000000799680000,0x0000000799b80000)
 ParOldGen       total 116224K, used 61188K [0x0000000740000000, 0x0000000747180000, 0x0000000795580000)
  object space 116224K, 52% used [0x0000000740000000,0x0000000743bc13a0,0x0000000747180000)
 Metaspace       used 33584K, capacity 35206K, committed 35496K, reserved 1079296K
  class space    used 4484K, capacity 4773K, committed 4784K, reserved 1048576K
Event: 15.849 GC heap after
Heap after GC invocations=6 (full 1):
 PSYoungGen      total 71680K, used 5110K [0x0000000795580000, 0x000000079db00000, 0x00000007c0000000)
  eden space 66560K, 0% used [0x0000000795580000,0x0000000795580000,0x0000000799680000)
  from space 5120K, 99% used [0x0000000799680000,0x0000000799b7d830,0x0000000799b80000)
  to   space 20480K, 0% used [0x000000079c700000,0x000000079c700000,0x000000079db00000)
 ParOldGen       total 116224K, used 75731K [0x0000000740000000, 0x0000000747180000, 0x0000000795580000)
  object space 116224K, 65% used [0x0000000740000000,0x00000007449f4d90,0x0000000747180000)
 Metaspace       used 33584K, capacity 35206K, committed 35496K, reserved 1079296K
  class space    used 4484K, capacity 4773K, committed 4784K, reserved 1048576K
}
Event: 15.849 GC heap before
{Heap before GC invocations=7 (full 2):
 PSYoungGen      total 71680K, used 5110K [0x0000000795580000, 0x000000079db00000, 0x00000007c0000000)
  eden space 66560K, 0% used [0x0000000795580000,0x0000000795580000,0x0000000799680000)
  from space 5120K, 99% used [0x0000000799680000,0x0000000799b7d830,0x0000000799b80000)
  to   space 20480K, 0% used [0x000000079c700000,0x000000079c700000,0x000000079db00000)
 ParOldGen       total 116224K, used 75731K [0x0000000740000000, 0x0000000747180000, 0x0000000795580000)
  object space 116224K, 65% used [0x0000000740000000,0x00000007449f4d90,0x0000000747180000)
 Metaspace       used 33584K, capacity 35206K, committed 35496K, reserved 1079296K
  class space    used 4484K, capacity 4773K, committed 4784K, reserved 1048576K
Event: 15.943 GC heap after
Heap after GC invocations=7 (full 2):
 PSYoungGen      total 71680K, used 0K [0x0000000795580000, 0x000000079db00000, 0x00000007c0000000)
  eden space 66560K, 0% used [0x0000000795580000,0x0000000795580000,0x0000000799680000)
  from space 5120K, 0% used [0x0000000799680000,0x0000000799680000,0x0000000799b80000)
  to   space 20480K, 0% used [0x000000079c700000,0x000000079c700000,0x000000079db00000)
 ParOldGen       total 104960K, used 23590K [0x0000000740000000, 0x0000000746680000, 0x0000000795580000)
  object space 104960K, 22% used [0x0000000740000000,0x0000000741709950,0x0000000746680000)
 Metaspace       used 33584K, capacity 35206K, committed 35496K, reserved 1079296K
  class space    used 4484K, capacity 4773K, committed 4784K, reserved 1048576K
}

