# JRE version: OpenJDK Runtime Environment (Zulu 8.58.0.13-CA-macosx) (8.0_312-b07) (build 1.8.0_312-b07)
# Java VM: OpenJDK 64-Bit Server VM (25.312-b07 mixed mode bsd-amd64 compressed oops)
Heap:
 PSYoungGen      total 65024K, used 36442K [0x0000000795580000, 0x000000079a080000, 0x00000007c0000000)
  eden space 59904K, 52% used [0x0000000795580000,0x0000000797417380,0x0000000799000000)
  from space 5120K, 99% used [0x0000000799b80000,0x000000079a07f870,0x000000079a080000)
  to   space 5120K, 0% used [0x0000000799680000,0x0000000799680000,0x0000000799b80000)
 ParOldGen       total 110592K, used 57991K [0x0000000740000000, 0x0000000746c00000, 0x0000000795580000)
  object space 110592K, 52% used [0x0000000740000000,0x00000007438a1ff0,0x0000000746c00000)
 Metaspace       used 29098K, capacity 30510K, committed 30592K, reserved 1075200K
  class space    used 3884K, capacity 4152K, committed 4224K, reserved 1048576K
GC Heap History (10 events):
Event: 2.267 GC heap before
{Heap before GC invocations=1 (full 0):
 PSYoungGen      total 38400K, used 33280K [0x0000000795580000, 0x0000000798000000, 0x00000007c0000000)
  eden space 33280K, 100% used [0x0000000795580000,0x0000000797600000,0x0000000797600000)
  from space 5120K, 0% used [0x0000000797b00000,0x0000000797b00000,0x0000000798000000)
  to   space 5120K, 0% used [0x0000000797600000,0x0000000797600000,0x0000000797b00000)
 ParOldGen       total 87552K, used 46875K [0x0000000740000000, 0x0000000745580000, 0x0000000795580000)
  object space 87552K, 53% used [0x0000000740000000,0x0000000742dc6c10,0x0000000745580000)
 Metaspace       used 11918K, capacity 12272K, committed 12544K, reserved 1060864K
  class space    used 1562K, capacity 1691K, committed 1792K, reserved 1048576K
Event: 2.278 GC heap after
Heap after GC invocations=1 (full 0):
 PSYoungGen      total 38400K, used 5113K [0x0000000795580000, 0x0000000798000000, 0x00000007c0000000)
  eden space 33280K, 0% used [0x0000000795580000,0x0000000795580000,0x0000000797600000)
  from space 5120K, 99% used [0x0000000797600000,0x0000000797afe5a0,0x0000000797b00000)
  to   space 5120K, 0% used [0x0000000797b00000,0x0000000797b00000,0x0000000798000000)
 ParOldGen       total 87552K, used 49035K [0x0000000740000000, 0x0000000745580000, 0x0000000795580000)
  object space 87552K, 56% used [0x0000000740000000,0x0000000742fe2cf8,0x0000000745580000)
 Metaspace       used 11918K, capacity 12272K, committed 12544K, reserved 1060864K
  class space    used 1562K, capacity 1691K, committed 1792K, reserved 1048576K
}
Event: 8.521 GC heap before
{Heap before GC invocations=2 (full 0):
 PSYoungGen      total 38400K, used 38393K [0x0000000795580000, 0x0000000798000000, 0x00000007c0000000)
  eden space 33280K, 100% used [0x0000000795580000,0x0000000797600000,0x0000000797600000)
  from space 5120K, 99% used [0x0000000797600000,0x0000000797afe5a0,0x0000000797b00000)
  to   space 5120K, 0% used [0x0000000797b00000,0x0000000797b00000,0x0000000798000000)
 ParOldGen       total 87552K, used 49035K [0x0000000740000000, 0x0000000745580000, 0x0000000795580000)
  object space 87552K, 56% used [0x0000000740000000,0x0000000742fe2cf8,0x0000000745580000)
 Metaspace       used 19424K, capacity 20216K, committed 20352K, reserved 1067008K
  class space    used 2750K, capacity 2929K, committed 2944K, reserved 1048576K
Event: 8.534 GC heap after
Heap after GC invocations=2 (full 0):
 PSYoungGen      total 38400K, used 5092K [0x0000000795580000, 0x0000000798000000, 0x00000007c0000000)
  eden space 33280K, 0% used [0x0000000795580000,0x0000000795580000,0x0000000797600000)
  from space 5120K, 99% used [0x0000000797b00000,0x0000000797ff9040,0x0000000798000000)
  to   space 5120K, 0% used [0x0000000797600000,0x0000000797600000,0x0000000797b00000)
 ParOldGen       total 87552K, used 56421K [0x0000000740000000, 0x0000000745580000, 0x0000000795580000)
  object space 87552K, 64% used [0x0000000740000000,0x00000007437194d0,0x0000000745580000)
 Metaspace       used 19424K, capacity 20216K, committed 20352K, reserved 1067008K
  class space    used 2750K, capacity 2929K, committed 2944K, reserved 1048576K
}
Event: 8.644 GC heap before
{Heap before GC invocations=3 (full 0):
 PSYoungGen      total 38400K, used 11108K [0x0000000795580000, 0x0000000798000000, 0x00000007c0000000)
  eden space 33280K, 18% used [0x0000000795580000,0x0000000795b602c8,0x0000000797600000)
  from space 5120K, 99% used [0x0000000797b00000,0x0000000797ff9040,0x0000000798000000)
  to   space 5120K, 0% used [0x0000000797600000,0x0000000797600000,0x0000000797b00000)
 ParOldGen       total 87552K, used 56421K [0x0000000740000000, 0x0000000745580000, 0x0000000795580000)
  object space 87552K, 64% used [0x0000000740000000,0x00000007437194d0,0x0000000745580000)
 Metaspace       used 20451K, capacity 21198K, committed 21248K, reserved 1067008K
  class space    used 2861K, capacity 3064K, committed 3072K, reserved 1048576K
Event: 8.650 GC heap after
Heap after GC invocations=3 (full 0):
 PSYoungGen      total 38400K, used 5108K [0x0000000795580000, 0x000000079a080000, 0x00000007c0000000)
  eden space 33280K, 0% used [0x0000000795580000,0x0000000795580000,0x0000000797600000)
  from space 5120K, 99% used [0x0000000797600000,0x0000000797afd070,0x0000000797b00000)
  to   space 5120K, 0% used [0x0000000799b80000,0x0000000799b80000,0x000000079a080000)
 ParOldGen       total 87552K, used 57101K [0x0000000740000000, 0x0000000745580000, 0x0000000795580000)
  object space 87552K, 65% used [0x0000000740000000,0x00000007437c3698,0x0000000745580000)
 Metaspace       used 20451K, capacity 21198K, committed 21248K, reserved 1067008K
  class space    used 2861K, capacity 3064K, committed 3072K, reserved 1048576K
}
Event: 8.650 GC heap before
{Heap before GC invocations=4 (full 1):
 PSYoungGen      total 38400K, used 5108K [0x0000000795580000, 0x000000079a080000, 0x00000007c0000000)
  eden space 33280K, 0% used [0x0000000795580000,0x0000000795580000,0x0000000797600000)
  from space 5120K, 99% used [0x0000000797600000,0x0000000797afd070,0x0000000797b00000)
  to   space 5120K, 0% used [0x0000000799b80000,0x0000000799b80000,0x000000079a080000)
 ParOldGen       total 87552K, used 57101K [0x0000000740000000, 0x0000000745580000, 0x0000000795580000)
  object space 87552K, 65% used [0x0000000740000000,0x00000007437c3698,0x0000000745580000)
 Metaspace       used 20451K, capacity 21198K, committed 21248K, reserved 1067008K
  class space    used 2861K, capacity 3064K, committed 3072K, reserved 1048576K
Event: 8.687 GC heap after
Heap after GC invocations=4 (full 1):
 PSYoungGen      total 38400K, used 0K [0x0000000795580000, 0x000000079a080000, 0x00000007c0000000)
  eden space 33280K, 0% used [0x0000000795580000,0x0000000795580000,0x0000000797600000)
  from space 5120K, 0% used [0x0000000797600000,0x0000000797600000,0x0000000797b00000)
  to   space 5120K, 0% used [0x0000000799b80000,0x0000000799b80000,0x000000079a080000)
 ParOldGen       total 110592K, used 56244K [0x0000000740000000, 0x0000000746c00000, 0x0000000795580000)
  object space 110592K, 50% used [0x0000000740000000,0x00000007436ed350,0x0000000746c00000)
 Metaspace       used 20451K, capacity 21198K, committed 21248K, reserved 1067008K
  class space    used 2861K, capacity 3064K, committed 3072K, reserved 1048576K
}
Event: 9.734 GC heap before
{Heap before GC invocations=5 (full 1):
 PSYoungGen      total 38400K, used 32359K [0x0000000795580000, 0x000000079a080000, 0x00000007c0000000)
  eden space 33280K, 97% used [0x0000000795580000,0x0000000797519d50,0x0000000797600000)
  from space 5120K, 0% used [0x0000000797600000,0x0000000797600000,0x0000000797b00000)
  to   space 5120K, 0% used [0x0000000799b80000,0x0000000799b80000,0x000000079a080000)
 ParOldGen       total 110592K, used 56244K [0x0000000740000000, 0x0000000746c00000, 0x0000000795580000)
  object space 110592K, 50% used [0x0000000740000000,0x00000007436ed350,0x0000000746c00000)
 Metaspace       used 27399K, capacity 28682K, committed 28928K, reserved 1075200K
  class space    used 3770K, capacity 4030K, committed 4096K, reserved 1048576K
Event: 9.742 GC heap after
Heap after GC invocations=5 (full 1):
 PSYoungGen      total 65024K, used 5118K [0x0000000795580000, 0x000000079a080000, 0x00000007c0000000)
  eden space 59904K, 0% used [0x0000000795580000,0x0000000795580000,0x0000000799000000)
  from space 5120K, 99% used [0x0000000799b80000,0x000000079a07f870,0x000000079a080000)
  to   space 5120K, 0% used [0x0000000799680000,0x0000000799680000,0x0000000799b80000)
 ParOldGen       total 110592K, used 57991K [0x0000000740000000, 0x0000000746c00000, 0x0000000795580000)
  object space 110592K, 52% used [0x0000000740000000,0x00000007438a1ff0,0x0000000746c00000)
 Metaspace       used 27399K, capacity 28682K, committed 28928K, reserved 1075200K
  class space    used 3770K, capacity 4030K, committed 4096K, reserved 1048576K
}

