# JRE version: OpenJDK Runtime Environment (Zulu 8.58.0.13-CA-macosx) (8.0_312-b07) (build 1.8.0_312-b07)
# Java VM: OpenJDK 64-Bit Server VM (25.312-b07 mixed mode bsd-amd64 compressed oops)
Heap:
 PSYoungGen      total 66048K, used 51091K [0x0000000795580000, 0x000000079a080000, 0x00000007c0000000)
  eden space 60928K, 75% used [0x0000000795580000,0x000000079826cb70,0x0000000799100000)
  from space 5120K, 99% used [0x0000000799b80000,0x000000079a0781f8,0x000000079a080000)
  to   space 5120K, 0% used [0x0000000799680000,0x0000000799680000,0x0000000799b80000)
 ParOldGen       total 111616K, used 56510K [0x0000000740000000, 0x0000000746d00000, 0x0000000795580000)
  object space 111616K, 50% used [0x0000000740000000,0x000000074372f850,0x0000000746d00000)
 Metaspace       used 29802K, capacity 31290K, committed 31488K, reserved 1077248K
  class space    used 3990K, capacity 4266K, committed 4352K, reserved 1048576K
GC Heap History (10 events):
Event: 1.873 GC heap before
{Heap before GC invocations=1 (full 0):
 PSYoungGen      total 38400K, used 33280K [0x0000000795580000, 0x0000000798000000, 0x00000007c0000000)
  eden space 33280K, 100% used [0x0000000795580000,0x0000000797600000,0x0000000797600000)
  from space 5120K, 0% used [0x0000000797b00000,0x0000000797b00000,0x0000000798000000)
  to   space 5120K, 0% used [0x0000000797600000,0x0000000797600000,0x0000000797b00000)
 ParOldGen       total 87552K, used 46875K [0x0000000740000000, 0x0000000745580000, 0x0000000795580000)
  object space 87552K, 53% used [0x0000000740000000,0x0000000742dc6c10,0x0000000745580000)
 Metaspace       used 11869K, capacity 12272K, committed 12544K, reserved 1060864K
  class space    used 1553K, capacity 1691K, committed 1792K, reserved 1048576K
Event: 1.893 GC heap after
Heap after GC invocations=1 (full 0):
 PSYoungGen      total 38400K, used 5096K [0x0000000795580000, 0x000000079a080000, 0x00000007c0000000)
  eden space 33280K, 0% used [0x0000000795580000,0x0000000795580000,0x0000000797600000)
  from space 5120K, 99% used [0x0000000797600000,0x0000000797afa2a8,0x0000000797b00000)
  to   space 5120K, 0% used [0x0000000799b80000,0x0000000799b80000,0x000000079a080000)
 ParOldGen       total 87552K, used 49049K [0x0000000740000000, 0x0000000745580000, 0x0000000795580000)
  object space 87552K, 56% used [0x0000000740000000,0x0000000742fe6480,0x0000000745580000)
 Metaspace       used 11869K, capacity 12272K, committed 12544K, reserved 1060864K
  class space    used 1553K, capacity 1691K, committed 1792K, reserved 1048576K
}
Event: 7.561 GC heap before
{Heap before GC invocations=2 (full 0):
 PSYoungGen      total 38400K, used 38376K [0x0000000795580000, 0x000000079a080000, 0x00000007c0000000)
  eden space 33280K, 100% used [0x0000000795580000,0x0000000797600000,0x0000000797600000)
  from space 5120K, 99% used [0x0000000797600000,0x0000000797afa2a8,0x0000000797b00000)
  to   space 5120K, 0% used [0x0000000799b80000,0x0000000799b80000,0x000000079a080000)
 ParOldGen       total 87552K, used 49049K [0x0000000740000000, 0x0000000745580000, 0x0000000795580000)
  object space 87552K, 56% used [0x0000000740000000,0x0000000742fe6480,0x0000000745580000)
 Metaspace       used 19466K, capacity 20248K, committed 20480K, reserved 1067008K
  class space    used 2750K, capacity 2961K, committed 3072K, reserved 1048576K
Event: 7.574 GC heap after
Heap after GC invocations=2 (full 0):
 PSYoungGen      total 38400K, used 5104K [0x0000000795580000, 0x000000079a080000, 0x00000007c0000000)
  eden space 33280K, 0% used [0x0000000795580000,0x0000000795580000,0x0000000797600000)
  from space 5120K, 99% used [0x0000000799b80000,0x000000079a07c040,0x000000079a080000)
  to   space 5120K, 0% used [0x0000000797600000,0x0000000797600000,0x0000000797b00000)
 ParOldGen       total 87552K, used 58232K [0x0000000740000000, 0x0000000745580000, 0x0000000795580000)
  object space 87552K, 66% used [0x0000000740000000,0x00000007438de2f8,0x0000000745580000)
 Metaspace       used 19466K, capacity 20248K, committed 20480K, reserved 1067008K
  class space    used 2750K, capacity 2961K, committed 3072K, reserved 1048576K
}
Event: 7.656 GC heap before
{Heap before GC invocations=3 (full 0):
 PSYoungGen      total 38400K, used 11297K [0x0000000795580000, 0x000000079a080000, 0x00000007c0000000)
  eden space 33280K, 18% used [0x0000000795580000,0x0000000795b8c578,0x0000000797600000)
  from space 5120K, 99% used [0x0000000799b80000,0x000000079a07c040,0x000000079a080000)
  to   space 5120K, 0% used [0x0000000797600000,0x0000000797600000,0x0000000797b00000)
 ParOldGen       total 87552K, used 58232K [0x0000000740000000, 0x0000000745580000, 0x0000000795580000)
  object space 87552K, 66% used [0x0000000740000000,0x00000007438de2f8,0x0000000745580000)
 Metaspace       used 20440K, capacity 21198K, committed 21248K, reserved 1067008K
  class space    used 2851K, capacity 3064K, committed 3072K, reserved 1048576K
Event: 7.664 GC heap after
Heap after GC invocations=3 (full 0):
 PSYoungGen      total 38400K, used 5104K [0x0000000795580000, 0x000000079a080000, 0x00000007c0000000)
  eden space 33280K, 0% used [0x0000000795580000,0x0000000795580000,0x0000000797600000)
  from space 5120K, 99% used [0x0000000797600000,0x0000000797afc060,0x0000000797b00000)
  to   space 5120K, 0% used [0x0000000799b80000,0x0000000799b80000,0x000000079a080000)
 ParOldGen       total 87552K, used 58908K [0x0000000740000000, 0x0000000745580000, 0x0000000795580000)
  object space 87552K, 67% used [0x0000000740000000,0x00000007439871c0,0x0000000745580000)
 Metaspace       used 20440K, capacity 21198K, committed 21248K, reserved 1067008K
  class space    used 2851K, capacity 3064K, committed 3072K, reserved 1048576K
}
Event: 7.664 GC heap before
{Heap before GC invocations=4 (full 1):
 PSYoungGen      total 38400K, used 5104K [0x0000000795580000, 0x000000079a080000, 0x00000007c0000000)
  eden space 33280K, 0% used [0x0000000795580000,0x0000000795580000,0x0000000797600000)
  from space 5120K, 99% used [0x0000000797600000,0x0000000797afc060,0x0000000797b00000)
  to   space 5120K, 0% used [0x0000000799b80000,0x0000000799b80000,0x000000079a080000)
 ParOldGen       total 87552K, used 58908K [0x0000000740000000, 0x0000000745580000, 0x0000000795580000)
  object space 87552K, 67% used [0x0000000740000000,0x00000007439871c0,0x0000000745580000)
 Metaspace       used 20440K, capacity 21198K, committed 21248K, reserved 1067008K
  class space    used 2851K, capacity 3064K, committed 3072K, reserved 1048576K
Event: 7.705 GC heap after
Heap after GC invocations=4 (full 1):
 PSYoungGen      total 38400K, used 0K [0x0000000795580000, 0x000000079a080000, 0x00000007c0000000)
  eden space 33280K, 0% used [0x0000000795580000,0x0000000795580000,0x0000000797600000)
  from space 5120K, 0% used [0x0000000797600000,0x0000000797600000,0x0000000797b00000)
  to   space 5120K, 0% used [0x0000000799b80000,0x0000000799b80000,0x000000079a080000)
 ParOldGen       total 111616K, used 56230K [0x0000000740000000, 0x0000000746d00000, 0x0000000795580000)
  object space 111616K, 50% used [0x0000000740000000,0x00000007436e99b8,0x0000000746d00000)
 Metaspace       used 20440K, capacity 21198K, committed 21248K, reserved 1067008K
  class space    used 2851K, capacity 3064K, committed 3072K, reserved 1048576K
}
Event: 18.363 GC heap before
{Heap before GC invocations=5 (full 1):
 PSYoungGen      total 38400K, used 33280K [0x0000000795580000, 0x000000079a080000, 0x00000007c0000000)
  eden space 33280K, 100% used [0x0000000795580000,0x0000000797600000,0x0000000797600000)
  from space 5120K, 0% used [0x0000000797600000,0x0000000797600000,0x0000000797b00000)
  to   space 5120K, 0% used [0x0000000799b80000,0x0000000799b80000,0x000000079a080000)
 ParOldGen       total 111616K, used 56230K [0x0000000740000000, 0x0000000746d00000, 0x0000000795580000)
  object space 111616K, 50% used [0x0000000740000000,0x00000007436e99b8,0x0000000746d00000)
 Metaspace       used 28093K, capacity 29374K, committed 29568K, reserved 1075200K
  class space    used 3839K, capacity 4102K, committed 4224K, reserved 1048576K
Event: 18.371 GC heap after
Heap after GC invocations=5 (full 1):
 PSYoungGen      total 66048K, used 5088K [0x0000000795580000, 0x000000079a080000, 0x00000007c0000000)
  eden space 60928K, 0% used [0x0000000795580000,0x0000000795580000,0x0000000799100000)
  from space 5120K, 99% used [0x0000000799b80000,0x000000079a0781f8,0x000000079a080000)
  to   space 5120K, 0% used [0x0000000799680000,0x0000000799680000,0x0000000799b80000)
 ParOldGen       total 111616K, used 56510K [0x0000000740000000, 0x0000000746d00000, 0x0000000795580000)
  object space 111616K, 50% used [0x0000000740000000,0x000000074372f850,0x0000000746d00000)
 Metaspace       used 28093K, capacity 29374K, committed 29568K, reserved 1075200K
  class space    used 3839K, capacity 4102K, committed 4224K, reserved 1048576K
}

