# JRE version: OpenJDK Runtime Environment (Zulu 8.58.0.13-CA-macosx) (8.0_312-b07) (build 1.8.0_312-b07)
# Java VM: OpenJDK 64-Bit Server VM (25.312-b07 mixed mode bsd-amd64 compressed oops)
Heap:
 PSYoungGen      total 66560K, used 41526K [0x0000000795580000, 0x000000079a080000, 0x00000007c0000000)
  eden space 61440K, 59% used [0x0000000795580000,0x000000079790e090,0x0000000799180000)
  from space 5120K, 99% used [0x0000000799b80000,0x000000079a07f870,0x000000079a080000)
  to   space 5120K, 0% used [0x0000000799680000,0x0000000799680000,0x0000000799b80000)
 ParOldGen       total 111104K, used 58015K [0x0000000740000000, 0x0000000746c80000, 0x0000000795580000)
  object space 111104K, 52% used [0x0000000740000000,0x00000007438a7c88,0x0000000746c80000)
 Metaspace       used 29039K, capacity 30454K, committed 30592K, reserved 1075200K
  class space    used 3877K, capacity 4152K, committed 4224K, reserved 1048576K
GC Heap History (10 events):
Event: 1.828 GC heap before
{Heap before GC invocations=1 (full 0):
 PSYoungGen      total 38400K, used 33280K [0x0000000795580000, 0x0000000798000000, 0x00000007c0000000)
  eden space 33280K, 100% used [0x0000000795580000,0x0000000797600000,0x0000000797600000)
  from space 5120K, 0% used [0x0000000797b00000,0x0000000797b00000,0x0000000798000000)
  to   space 5120K, 0% used [0x0000000797600000,0x0000000797600000,0x0000000797b00000)
 ParOldGen       total 87552K, used 46875K [0x0000000740000000, 0x0000000745580000, 0x0000000795580000)
  object space 87552K, 53% used [0x0000000740000000,0x0000000742dc6c10,0x0000000745580000)
 Metaspace       used 12026K, capacity 12402K, committed 12800K, reserved 1060864K
  class space    used 1569K, capacity 1692K, committed 1792K, reserved 1048576K
Event: 1.839 GC heap after
Heap after GC invocations=1 (full 0):
 PSYoungGen      total 38400K, used 5088K [0x0000000795580000, 0x0000000798000000, 0x00000007c0000000)
  eden space 33280K, 0% used [0x0000000795580000,0x0000000795580000,0x0000000797600000)
  from space 5120K, 99% used [0x0000000797600000,0x0000000797af82a8,0x0000000797b00000)
  to   space 5120K, 0% used [0x0000000797b00000,0x0000000797b00000,0x0000000798000000)
 ParOldGen       total 87552K, used 49186K [0x0000000740000000, 0x0000000745580000, 0x0000000795580000)
  object space 87552K, 56% used [0x0000000740000000,0x0000000743008910,0x0000000745580000)
 Metaspace       used 12026K, capacity 12402K, committed 12800K, reserved 1060864K
  class space    used 1569K, capacity 1692K, committed 1792K, reserved 1048576K
}
Event: 7.548 GC heap before
{Heap before GC invocations=2 (full 0):
 PSYoungGen      total 38400K, used 38368K [0x0000000795580000, 0x0000000798000000, 0x00000007c0000000)
  eden space 33280K, 100% used [0x0000000795580000,0x0000000797600000,0x0000000797600000)
  from space 5120K, 99% used [0x0000000797600000,0x0000000797af82a8,0x0000000797b00000)
  to   space 5120K, 0% used [0x0000000797b00000,0x0000000797b00000,0x0000000798000000)
 ParOldGen       total 87552K, used 49186K [0x0000000740000000, 0x0000000745580000, 0x0000000795580000)
  object space 87552K, 56% used [0x0000000740000000,0x0000000743008910,0x0000000745580000)
 Metaspace       used 19437K, capacity 20156K, committed 20352K, reserved 1067008K
  class space    used 2743K, capacity 2929K, committed 2944K, reserved 1048576K
Event: 7.560 GC heap after
Heap after GC invocations=2 (full 0):
 PSYoungGen      total 38400K, used 5088K [0x0000000795580000, 0x0000000798000000, 0x00000007c0000000)
  eden space 33280K, 0% used [0x0000000795580000,0x0000000795580000,0x0000000797600000)
  from space 5120K, 99% used [0x0000000797b00000,0x0000000797ff8050,0x0000000798000000)
  to   space 5120K, 0% used [0x0000000797600000,0x0000000797600000,0x0000000797b00000)
 ParOldGen       total 87552K, used 58214K [0x0000000740000000, 0x0000000745580000, 0x0000000795580000)
  object space 87552K, 66% used [0x0000000740000000,0x00000007438d98b8,0x0000000745580000)
 Metaspace       used 19437K, capacity 20156K, committed 20352K, reserved 1067008K
  class space    used 2743K, capacity 2929K, committed 2944K, reserved 1048576K
}
Event: 7.652 GC heap before
{Heap before GC invocations=3 (full 0):
 PSYoungGen      total 38400K, used 11808K [0x0000000795580000, 0x0000000798000000, 0x00000007c0000000)
  eden space 33280K, 20% used [0x0000000795580000,0x0000000795c100f0,0x0000000797600000)
  from space 5120K, 99% used [0x0000000797b00000,0x0000000797ff8050,0x0000000798000000)
  to   space 5120K, 0% used [0x0000000797600000,0x0000000797600000,0x0000000797b00000)
 ParOldGen       total 87552K, used 58214K [0x0000000740000000, 0x0000000745580000, 0x0000000795580000)
  object space 87552K, 66% used [0x0000000740000000,0x00000007438d98b8,0x0000000745580000)
 Metaspace       used 20480K, capacity 21202K, committed 21248K, reserved 1067008K
  class space    used 2857K, capacity 3064K, committed 3072K, reserved 1048576K
Event: 7.662 GC heap after
Heap after GC invocations=3 (full 0):
 PSYoungGen      total 38400K, used 5088K [0x0000000795580000, 0x000000079a080000, 0x00000007c0000000)
  eden space 33280K, 0% used [0x0000000795580000,0x0000000795580000,0x0000000797600000)
  from space 5120K, 99% used [0x0000000797600000,0x0000000797af8070,0x0000000797b00000)
  to   space 5120K, 0% used [0x0000000799b80000,0x0000000799b80000,0x000000079a080000)
 ParOldGen       total 87552K, used 58985K [0x0000000740000000, 0x0000000745580000, 0x0000000795580000)
  object space 87552K, 67% used [0x0000000740000000,0x000000074399a7a0,0x0000000745580000)
 Metaspace       used 20480K, capacity 21202K, committed 21248K, reserved 1067008K
  class space    used 2857K, capacity 3064K, committed 3072K, reserved 1048576K
}
Event: 7.662 GC heap before
{Heap before GC invocations=4 (full 1):
 PSYoungGen      total 38400K, used 5088K [0x0000000795580000, 0x000000079a080000, 0x00000007c0000000)
  eden space 33280K, 0% used [0x0000000795580000,0x0000000795580000,0x0000000797600000)
  from space 5120K, 99% used [0x0000000797600000,0x0000000797af8070,0x0000000797b00000)
  to   space 5120K, 0% used [0x0000000799b80000,0x0000000799b80000,0x000000079a080000)
 ParOldGen       total 87552K, used 58985K [0x0000000740000000, 0x0000000745580000, 0x0000000795580000)
  object space 87552K, 67% used [0x0000000740000000,0x000000074399a7a0,0x0000000745580000)
 Metaspace       used 20480K, capacity 21202K, committed 21248K, reserved 1067008K
  class space    used 2857K, capacity 3064K, committed 3072K, reserved 1048576K
Event: 7.703 GC heap after
Heap after GC invocations=4 (full 1):
 PSYoungGen      total 38400K, used 0K [0x0000000795580000, 0x000000079a080000, 0x00000007c0000000)
  eden space 33280K, 0% used [0x0000000795580000,0x0000000795580000,0x0000000797600000)
  from space 5120K, 0% used [0x0000000797600000,0x0000000797600000,0x0000000797b00000)
  to   space 5120K, 0% used [0x0000000799b80000,0x0000000799b80000,0x000000079a080000)
 ParOldGen       total 111104K, used 56243K [0x0000000740000000, 0x0000000746c80000, 0x0000000795580000)
  object space 111104K, 50% used [0x0000000740000000,0x00000007436ecf20,0x0000000746c80000)
 Metaspace       used 20480K, capacity 21202K, committed 21248K, reserved 1067008K
  class space    used 2857K, capacity 3064K, committed 3072K, reserved 1048576K
}
Event: 8.539 GC heap before
{Heap before GC invocations=5 (full 1):
 PSYoungGen      total 38400K, used 32358K [0x0000000795580000, 0x000000079a080000, 0x00000007c0000000)
  eden space 33280K, 97% used [0x0000000795580000,0x0000000797519a28,0x0000000797600000)
  from space 5120K, 0% used [0x0000000797600000,0x0000000797600000,0x0000000797b00000)
  to   space 5120K, 0% used [0x0000000799b80000,0x0000000799b80000,0x000000079a080000)
 ParOldGen       total 111104K, used 56243K [0x0000000740000000, 0x0000000746c80000, 0x0000000795580000)
  object space 111104K, 50% used [0x0000000740000000,0x00000007436ecf20,0x0000000746c80000)
 Metaspace       used 27466K, capacity 28750K, committed 28928K, reserved 1075200K
  class space    used 3769K, capacity 4030K, committed 4096K, reserved 1048576K
Event: 8.550 GC heap after
Heap after GC invocations=5 (full 1):
 PSYoungGen      total 66560K, used 5118K [0x0000000795580000, 0x000000079a080000, 0x00000007c0000000)
  eden space 61440K, 0% used [0x0000000795580000,0x0000000795580000,0x0000000799180000)
  from space 5120K, 99% used [0x0000000799b80000,0x000000079a07f870,0x000000079a080000)
  to   space 5120K, 0% used [0x0000000799680000,0x0000000799680000,0x0000000799b80000)
 ParOldGen       total 111104K, used 58015K [0x0000000740000000, 0x0000000746c80000, 0x0000000795580000)
  object space 111104K, 52% used [0x0000000740000000,0x00000007438a7c88,0x0000000746c80000)
 Metaspace       used 27466K, capacity 28750K, committed 28928K, reserved 1075200K
  class space    used 3769K, capacity 4030K, committed 4096K, reserved 1048576K
}

