# JRE version: OpenJDK Runtime Environment (Zulu 8.58.0.13-CA-macosx) (8.0_312-b07) (build 1.8.0_312-b07)
# Java VM: OpenJDK 64-Bit Server VM (25.312-b07 mixed mode bsd-amd64 compressed oops)
Heap:
 PSYoungGen      total 71680K, used 6597K [0x0000000795580000, 0x000000079f180000, 0x00000007c0000000)
  eden space 66560K, 2% used [0x0000000795580000,0x00000007956f31e8,0x0000000799680000)
  from space 5120K, 99% used [0x0000000799680000,0x0000000799b7e450,0x0000000799b80000)
  to   space 17920K, 0% used [0x000000079e000000,0x000000079e000000,0x000000079f180000)
 ParOldGen       total 108032K, used 71303K [0x0000000740000000, 0x0000000746980000, 0x0000000795580000)
  object space 108032K, 66% used [0x0000000740000000,0x00000007445a1e48,0x0000000746980000)
 Metaspace       used 29724K, capacity 31120K, committed 31360K, reserved 1077248K
  class space    used 3907K, capacity 4213K, committed 4224K, reserved 1048576K
GC Heap History (10 events):
Event: 26.244 GC heap before
{Heap before GC invocations=2 (full 0):
 PSYoungGen      total 38400K, used 38386K [0x0000000795580000, 0x0000000798000000, 0x00000007c0000000)
  eden space 33280K, 100% used [0x0000000795580000,0x0000000797600000,0x0000000797600000)
  from space 5120K, 99% used [0x0000000797600000,0x0000000797afca50,0x0000000797b00000)
  to   space 5120K, 0% used [0x0000000797b00000,0x0000000797b00000,0x0000000798000000)
 ParOldGen       total 87552K, used 49015K [0x0000000740000000, 0x0000000745580000, 0x0000000795580000)
  object space 87552K, 55% used [0x0000000740000000,0x0000000742fddf10,0x0000000745580000)
 Metaspace       used 18981K, capacity 19710K, committed 19840K, reserved 1067008K
  class space    used 2697K, capacity 2892K, committed 2944K, reserved 1048576K
Event: 26.271 GC heap after
Heap after GC invocations=2 (full 0):
 PSYoungGen      total 38400K, used 5104K [0x0000000795580000, 0x0000000798000000, 0x00000007c0000000)
  eden space 33280K, 0% used [0x0000000795580000,0x0000000795580000,0x0000000797600000)
  from space 5120K, 99% used [0x0000000797b00000,0x0000000797ffc060,0x0000000798000000)
  to   space 5120K, 0% used [0x0000000797600000,0x0000000797600000,0x0000000797b00000)
 ParOldGen       total 87552K, used 57805K [0x0000000740000000, 0x0000000745580000, 0x0000000795580000)
  object space 87552K, 66% used [0x0000000740000000,0x00000007438736d8,0x0000000745580000)
 Metaspace       used 18981K, capacity 19710K, committed 19840K, reserved 1067008K
  class space    used 2697K, capacity 2892K, committed 2944K, reserved 1048576K
}
Event: 26.377 GC heap before
{Heap before GC invocations=3 (full 0):
 PSYoungGen      total 38400K, used 13353K [0x0000000795580000, 0x0000000798000000, 0x00000007c0000000)
  eden space 33280K, 24% used [0x0000000795580000,0x0000000795d8e710,0x0000000797600000)
  from space 5120K, 99% used [0x0000000797b00000,0x0000000797ffc060,0x0000000798000000)
  to   space 5120K, 0% used [0x0000000797600000,0x0000000797600000,0x0000000797b00000)
 ParOldGen       total 87552K, used 57805K [0x0000000740000000, 0x0000000745580000, 0x0000000795580000)
  object space 87552K, 66% used [0x0000000740000000,0x00000007438736d8,0x0000000745580000)
 Metaspace       used 20465K, capacity 21178K, committed 21248K, reserved 1067008K
  class space    used 2842K, capacity 3034K, committed 3072K, reserved 1048576K
Event: 26.386 GC heap after
Heap after GC invocations=3 (full 0):
 PSYoungGen      total 38400K, used 5088K [0x0000000795580000, 0x000000079a080000, 0x00000007c0000000)
  eden space 33280K, 0% used [0x0000000795580000,0x0000000795580000,0x0000000797600000)
  from space 5120K, 99% used [0x0000000797600000,0x0000000797af8070,0x0000000797b00000)
  to   space 5120K, 0% used [0x0000000799b80000,0x0000000799b80000,0x000000079a080000)
 ParOldGen       total 87552K, used 58775K [0x0000000740000000, 0x0000000745580000, 0x0000000795580000)
  object space 87552K, 67% used [0x0000000740000000,0x0000000743965c20,0x0000000745580000)
 Metaspace       used 20465K, capacity 21178K, committed 21248K, reserved 1067008K
  class space    used 2842K, capacity 3034K, committed 3072K, reserved 1048576K
}
Event: 26.386 GC heap before
{Heap before GC invocations=4 (full 1):
 PSYoungGen      total 38400K, used 5088K [0x0000000795580000, 0x000000079a080000, 0x00000007c0000000)
  eden space 33280K, 0% used [0x0000000795580000,0x0000000795580000,0x0000000797600000)
  from space 5120K, 99% used [0x0000000797600000,0x0000000797af8070,0x0000000797b00000)
  to   space 5120K, 0% used [0x0000000799b80000,0x0000000799b80000,0x000000079a080000)
 ParOldGen       total 87552K, used 58775K [0x0000000740000000, 0x0000000745580000, 0x0000000795580000)
  object space 87552K, 67% used [0x0000000740000000,0x0000000743965c20,0x0000000745580000)
 Metaspace       used 20465K, capacity 21178K, committed 21248K, reserved 1067008K
  class space    used 2842K, capacity 3034K, committed 3072K, reserved 1048576K
Event: 26.429 GC heap after
Heap after GC invocations=4 (full 1):
 PSYoungGen      total 38400K, used 0K [0x0000000795580000, 0x000000079a080000, 0x00000007c0000000)
  eden space 33280K, 0% used [0x0000000795580000,0x0000000795580000,0x0000000797600000)
  from space 5120K, 0% used [0x0000000797600000,0x0000000797600000,0x0000000797b00000)
  to   space 5120K, 0% used [0x0000000799b80000,0x0000000799b80000,0x000000079a080000)
 ParOldGen       total 108032K, used 56387K [0x0000000740000000, 0x0000000746980000, 0x0000000795580000)
  object space 108032K, 52% used [0x0000000740000000,0x0000000743710cc8,0x0000000746980000)
 Metaspace       used 20465K, capacity 21178K, committed 21248K, reserved 1067008K
  class space    used 2842K, capacity 3034K, committed 3072K, reserved 1048576K
}
Event: 28.768 GC heap before
{Heap before GC invocations=5 (full 1):
 PSYoungGen      total 38400K, used 33280K [0x0000000795580000, 0x000000079a080000, 0x00000007c0000000)
  eden space 33280K, 100% used [0x0000000795580000,0x0000000797600000,0x0000000797600000)
  from space 5120K, 0% used [0x0000000797600000,0x0000000797600000,0x0000000797b00000)
  to   space 5120K, 0% used [0x0000000799b80000,0x0000000799b80000,0x000000079a080000)
 ParOldGen       total 108032K, used 56387K [0x0000000740000000, 0x0000000746980000, 0x0000000795580000)
  object space 108032K, 52% used [0x0000000740000000,0x0000000743710cc8,0x0000000746980000)
 Metaspace       used 27582K, capacity 28846K, committed 28928K, reserved 1075200K
  class space    used 3773K, capacity 4036K, committed 4096K, reserved 1048576K
Event: 28.785 GC heap after
Heap after GC invocations=5 (full 1):
 PSYoungGen      total 69632K, used 5113K [0x0000000795580000, 0x000000079a080000, 0x00000007c0000000)
  eden space 64512K, 0% used [0x0000000795580000,0x0000000795580000,0x0000000799480000)
  from space 5120K, 99% used [0x0000000799b80000,0x000000079a07e440,0x000000079a080000)
  to   space 5120K, 0% used [0x0000000799680000,0x0000000799680000,0x0000000799b80000)
 ParOldGen       total 108032K, used 61013K [0x0000000740000000, 0x0000000746980000, 0x0000000795580000)
  object space 108032K, 56% used [0x0000000740000000,0x0000000743b95528,0x0000000746980000)
 Metaspace       used 27582K, capacity 28846K, committed 28928K, reserved 1075200K
  class space    used 3773K, capacity 4036K, committed 4096K, reserved 1048576K
}
Event: 93.506 GC heap before
{Heap before GC invocations=6 (full 1):
 PSYoungGen      total 69632K, used 69625K [0x0000000795580000, 0x000000079a080000, 0x00000007c0000000)
  eden space 64512K, 100% used [0x0000000795580000,0x0000000799480000,0x0000000799480000)
  from space 5120K, 99% used [0x0000000799b80000,0x000000079a07e440,0x000000079a080000)
  to   space 5120K, 0% used [0x0000000799680000,0x0000000799680000,0x0000000799b80000)
 ParOldGen       total 108032K, used 61013K [0x0000000740000000, 0x0000000746980000, 0x0000000795580000)
  object space 108032K, 56% used [0x0000000740000000,0x0000000743b95528,0x0000000746980000)
 Metaspace       used 29723K, capacity 31120K, committed 31360K, reserved 1077248K
  class space    used 3907K, capacity 4213K, committed 4224K, reserved 1048576K
Event: 93.530 GC heap after
Heap after GC invocations=6 (full 1):
 PSYoungGen      total 71680K, used 5113K [0x0000000795580000, 0x000000079f180000, 0x00000007c0000000)
  eden space 66560K, 0% used [0x0000000795580000,0x0000000795580000,0x0000000799680000)
  from space 5120K, 99% used [0x0000000799680000,0x0000000799b7e450,0x0000000799b80000)
  to   space 17920K, 0% used [0x000000079e000000,0x000000079e000000,0x000000079f180000)
 ParOldGen       total 108032K, used 71303K [0x0000000740000000, 0x0000000746980000, 0x0000000795580000)
  object space 108032K, 66% used [0x0000000740000000,0x00000007445a1e48,0x0000000746980000)
 Metaspace       used 29723K, capacity 31120K, committed 31360K, reserved 1077248K
  class space    used 3907K, capacity 4213K, committed 4224K, reserved 1048576K
}

