# JRE version: OpenJDK Runtime Environment (Zulu 8.58.0.13-CA-macosx) (8.0_312-b07) (build 1.8.0_312-b07)
# Java VM: OpenJDK 64-Bit Server VM (25.312-b07 mixed mode bsd-amd64 compressed oops)
Heap:
 PSYoungGen      total 38400K, used 13904K [0x0000000795580000, 0x0000000798d00000, 0x00000007c0000000)
  eden space 33280K, 26% used [0x0000000795580000,0x0000000795e17910,0x0000000797600000)
  from space 5120K, 99% used [0x0000000797600000,0x0000000797afc7f0,0x0000000797b00000)
  to   space 5120K, 0% used [0x0000000798800000,0x0000000798800000,0x0000000798d00000)
 ParOldGen       total 284672K, used 188370K [0x0000000740000000, 0x0000000751600000, 0x0000000795580000)
  object space 284672K, 66% used [0x0000000740000000,0x000000074b7f4870,0x0000000751600000)
 Metaspace       used 26777K, capacity 28008K, committed 28032K, reserved 1073152K
  class space    used 3699K, capacity 3962K, committed 3968K, reserved 1048576K
GC Heap History (8 events):
Event: 1.958 GC heap before
{Heap before GC invocations=1 (full 0):
 PSYoungGen      total 38400K, used 33280K [0x0000000795580000, 0x0000000798000000, 0x00000007c0000000)
  eden space 33280K, 100% used [0x0000000795580000,0x0000000797600000,0x0000000797600000)
  from space 5120K, 0% used [0x0000000797b00000,0x0000000797b00000,0x0000000798000000)
  to   space 5120K, 0% used [0x0000000797600000,0x0000000797600000,0x0000000797b00000)
 ParOldGen       total 87552K, used 46875K [0x0000000740000000, 0x0000000745580000, 0x0000000795580000)
  object space 87552K, 53% used [0x0000000740000000,0x0000000742dc6c10,0x0000000745580000)
 Metaspace       used 11975K, capacity 12292K, committed 12416K, reserved 1060864K
  class space    used 1544K, capacity 1631K, committed 1664K, reserved 1048576K
Event: 1.970 GC heap after
Heap after GC invocations=1 (full 0):
 PSYoungGen      total 38400K, used 5116K [0x0000000795580000, 0x0000000798000000, 0x00000007c0000000)
  eden space 33280K, 0% used [0x0000000795580000,0x0000000795580000,0x0000000797600000)
  from space 5120K, 99% used [0x0000000797600000,0x0000000797aff070,0x0000000797b00000)
  to   space 5120K, 0% used [0x0000000797b00000,0x0000000797b00000,0x0000000798000000)
 ParOldGen       total 87552K, used 49241K [0x0000000740000000, 0x0000000745580000, 0x0000000795580000)
  object space 87552K, 56% used [0x0000000740000000,0x0000000743016590,0x0000000745580000)
 Metaspace       used 11975K, capacity 12292K, committed 12416K, reserved 1060864K
  class space    used 1544K, capacity 1631K, committed 1664K, reserved 1048576K
}
Event: 7.327 GC heap before
{Heap before GC invocations=2 (full 0):
 PSYoungGen      total 38400K, used 38396K [0x0000000795580000, 0x0000000798000000, 0x00000007c0000000)
  eden space 33280K, 100% used [0x0000000795580000,0x0000000797600000,0x0000000797600000)
  from space 5120K, 99% used [0x0000000797600000,0x0000000797aff070,0x0000000797b00000)
  to   space 5120K, 0% used [0x0000000797b00000,0x0000000797b00000,0x0000000798000000)
 ParOldGen       total 262656K, used 224298K [0x0000000740000000, 0x0000000750080000, 0x0000000795580000)
  object space 262656K, 85% used [0x0000000740000000,0x000000074db0aaf0,0x0000000750080000)
 Metaspace       used 18995K, capacity 19778K, committed 20096K, reserved 1067008K
  class space    used 2671K, capacity 2859K, committed 2944K, reserved 1048576K
Event: 7.347 GC heap after
Heap after GC invocations=2 (full 0):
 PSYoungGen      total 38400K, used 5104K [0x0000000795580000, 0x0000000798000000, 0x00000007c0000000)
  eden space 33280K, 0% used [0x0000000795580000,0x0000000795580000,0x0000000797600000)
  from space 5120K, 99% used [0x0000000797b00000,0x0000000797ffc060,0x0000000798000000)
  to   space 5120K, 0% used [0x0000000797600000,0x0000000797600000,0x0000000797b00000)
 ParOldGen       total 262656K, used 233238K [0x0000000740000000, 0x0000000750080000, 0x0000000795580000)
  object space 262656K, 88% used [0x0000000740000000,0x000000074e3c5a20,0x0000000750080000)
 Metaspace       used 18995K, capacity 19778K, committed 20096K, reserved 1067008K
  class space    used 2671K, capacity 2859K, committed 2944K, reserved 1048576K
}
Event: 7.347 GC heap before
{Heap before GC invocations=3 (full 1):
 PSYoungGen      total 38400K, used 5104K [0x0000000795580000, 0x0000000798000000, 0x00000007c0000000)
  eden space 33280K, 0% used [0x0000000795580000,0x0000000795580000,0x0000000797600000)
  from space 5120K, 99% used [0x0000000797b00000,0x0000000797ffc060,0x0000000798000000)
  to   space 5120K, 0% used [0x0000000797600000,0x0000000797600000,0x0000000797b00000)
 ParOldGen       total 262656K, used 233238K [0x0000000740000000, 0x0000000750080000, 0x0000000795580000)
  object space 262656K, 88% used [0x0000000740000000,0x000000074e3c5a20,0x0000000750080000)
 Metaspace       used 18995K, capacity 19778K, committed 20096K, reserved 1067008K
  class space    used 2671K, capacity 2859K, committed 2944K, reserved 1048576K
Event: 7.420 GC heap after
Heap after GC invocations=3 (full 1):
 PSYoungGen      total 38400K, used 0K [0x0000000795580000, 0x0000000798000000, 0x00000007c0000000)
  eden space 33280K, 0% used [0x0000000795580000,0x0000000795580000,0x0000000797600000)
  from space 5120K, 0% used [0x0000000797b00000,0x0000000797b00000,0x0000000798000000)
  to   space 5120K, 0% used [0x0000000797600000,0x0000000797600000,0x0000000797b00000)
 ParOldGen       total 284672K, used 186970K [0x0000000740000000, 0x0000000751600000, 0x0000000795580000)
  object space 284672K, 65% used [0x0000000740000000,0x000000074b6968a0,0x0000000751600000)
 Metaspace       used 18995K, capacity 19778K, committed 20096K, reserved 1067008K
  class space    used 2671K, capacity 2859K, committed 2944K, reserved 1048576K
}
Event: 8.120 GC heap before
{Heap before GC invocations=4 (full 1):
 PSYoungGen      total 38400K, used 33280K [0x0000000795580000, 0x0000000798000000, 0x00000007c0000000)
  eden space 33280K, 100% used [0x0000000795580000,0x0000000797600000,0x0000000797600000)
  from space 5120K, 0% used [0x0000000797b00000,0x0000000797b00000,0x0000000798000000)
  to   space 5120K, 0% used [0x0000000797600000,0x0000000797600000,0x0000000797b00000)
 ParOldGen       total 284672K, used 186970K [0x0000000740000000, 0x0000000751600000, 0x0000000795580000)
  object space 284672K, 65% used [0x0000000740000000,0x000000074b6968a0,0x0000000751600000)
 Metaspace       used 25790K, capacity 27056K, committed 27264K, reserved 1073152K
  class space    used 3591K, capacity 3862K, committed 3968K, reserved 1048576K
Event: 8.128 GC heap after
Heap after GC invocations=4 (full 1):
 PSYoungGen      total 38400K, used 5105K [0x0000000795580000, 0x0000000798d00000, 0x00000007c0000000)
  eden space 33280K, 0% used [0x0000000795580000,0x0000000795580000,0x0000000797600000)
  from space 5120K, 99% used [0x0000000797600000,0x0000000797afc7f0,0x0000000797b00000)
  to   space 5120K, 0% used [0x0000000798800000,0x0000000798800000,0x0000000798d00000)
 ParOldGen       total 284672K, used 188370K [0x0000000740000000, 0x0000000751600000, 0x0000000795580000)
  object space 284672K, 66% used [0x0000000740000000,0x000000074b7f4870,0x0000000751600000)
 Metaspace       used 25790K, capacity 27056K, committed 27264K, reserved 1073152K
  class space    used 3591K, capacity 3862K, committed 3968K, reserved 1048576K
}

