# JRE version: OpenJDK Runtime Environment (Zulu 8.58.0.13-CA-macosx) (8.0_312-b07) (build 1.8.0_312-b07)
# Java VM: OpenJDK 64-Bit Server VM (25.312-b07 mixed mode bsd-amd64 compressed oops)
Heap:
 PSYoungGen      total 125952K, used 8474K [0x0000000795580000, 0x000000079e480000, 0x00000007c0000000)
  eden space 111104K, 2% used [0x0000000795580000,0x00000007957de2b0,0x000000079c200000)
  from space 14848K, 40% used [0x000000079d080000,0x000000079d668820,0x000000079df00000)
  to   space 14848K, 0% used [0x000000079c200000,0x000000079c200000,0x000000079d080000)
 ParOldGen       total 158208K, used 112125K [0x0000000740000000, 0x0000000749a80000, 0x0000000795580000)
  object space 158208K, 70% used [0x0000000740000000,0x0000000746d7f6f8,0x0000000749a80000)
 Metaspace       used 28596K, capacity 29828K, committed 29952K, reserved 1075200K
  class space    used 3786K, capacity 4049K, committed 4096K, reserved 1048576K
GC Heap History (10 events):
Event: 7.732 GC heap before
{Heap before GC invocations=3 (full 0):
 PSYoungGen      total 38400K, used 12336K [0x0000000795580000, 0x0000000798000000, 0x00000007c0000000)
  eden space 33280K, 21% used [0x0000000795580000,0x0000000795c90138,0x0000000797600000)
  from space 5120K, 99% used [0x0000000797b00000,0x0000000797ffc060,0x0000000798000000)
  to   space 5120K, 0% used [0x0000000797600000,0x0000000797600000,0x0000000797b00000)
 ParOldGen       total 87552K, used 58219K [0x0000000740000000, 0x0000000745580000, 0x0000000795580000)
  object space 87552K, 66% used [0x0000000740000000,0x00000007438dae20,0x0000000745580000)
 Metaspace       used 20509K, capacity 21202K, committed 21248K, reserved 1067008K
  class space    used 2865K, capacity 3068K, committed 3072K, reserved 1048576K
Event: 7.745 GC heap after
Heap after GC invocations=3 (full 0):
 PSYoungGen      total 38400K, used 5104K [0x0000000795580000, 0x000000079a080000, 0x00000007c0000000)
  eden space 33280K, 0% used [0x0000000795580000,0x0000000795580000,0x0000000797600000)
  from space 5120K, 99% used [0x0000000797600000,0x0000000797afc060,0x0000000797b00000)
  to   space 5120K, 0% used [0x0000000799b80000,0x0000000799b80000,0x000000079a080000)
 ParOldGen       total 87552K, used 59175K [0x0000000740000000, 0x0000000745580000, 0x0000000795580000)
  object space 87552K, 67% used [0x0000000740000000,0x00000007439c9e88,0x0000000745580000)
 Metaspace       used 20509K, capacity 21202K, committed 21248K, reserved 1067008K
  class space    used 2865K, capacity 3068K, committed 3072K, reserved 1048576K
}
Event: 7.745 GC heap before
{Heap before GC invocations=4 (full 1):
 PSYoungGen      total 38400K, used 5104K [0x0000000795580000, 0x000000079a080000, 0x00000007c0000000)
  eden space 33280K, 0% used [0x0000000795580000,0x0000000795580000,0x0000000797600000)
  from space 5120K, 99% used [0x0000000797600000,0x0000000797afc060,0x0000000797b00000)
  to   space 5120K, 0% used [0x0000000799b80000,0x0000000799b80000,0x000000079a080000)
 ParOldGen       total 87552K, used 59175K [0x0000000740000000, 0x0000000745580000, 0x0000000795580000)
  object space 87552K, 67% used [0x0000000740000000,0x00000007439c9e88,0x0000000745580000)
 Metaspace       used 20509K, capacity 21202K, committed 21248K, reserved 1067008K
  class space    used 2865K, capacity 3068K, committed 3072K, reserved 1048576K
Event: 7.788 GC heap after
Heap after GC invocations=4 (full 1):
 PSYoungGen      total 38400K, used 0K [0x0000000795580000, 0x000000079a080000, 0x00000007c0000000)
  eden space 33280K, 0% used [0x0000000795580000,0x0000000795580000,0x0000000797600000)
  from space 5120K, 0% used [0x0000000797600000,0x0000000797600000,0x0000000797b00000)
  to   space 5120K, 0% used [0x0000000799b80000,0x0000000799b80000,0x000000079a080000)
 ParOldGen       total 111104K, used 56454K [0x0000000740000000, 0x0000000746c80000, 0x0000000795580000)
  object space 111104K, 50% used [0x0000000740000000,0x0000000743721870,0x0000000746c80000)
 Metaspace       used 20509K, capacity 21202K, committed 21248K, reserved 1067008K
  class space    used 2865K, capacity 3068K, committed 3072K, reserved 1048576K
}
Event: 9.368 GC heap before
{Heap before GC invocations=5 (full 1):
 PSYoungGen      total 38400K, used 33280K [0x0000000795580000, 0x000000079a080000, 0x00000007c0000000)
  eden space 33280K, 100% used [0x0000000795580000,0x0000000797600000,0x0000000797600000)
  from space 5120K, 0% used [0x0000000797600000,0x0000000797600000,0x0000000797b00000)
  to   space 5120K, 0% used [0x0000000799b80000,0x0000000799b80000,0x000000079a080000)
 ParOldGen       total 111104K, used 56454K [0x0000000740000000, 0x0000000746c80000, 0x0000000795580000)
  object space 111104K, 50% used [0x0000000740000000,0x0000000743721870,0x0000000746c80000)
 Metaspace       used 27459K, capacity 28694K, committed 28928K, reserved 1075200K
  class space    used 3765K, capacity 4032K, committed 4096K, reserved 1048576K
Event: 9.376 GC heap after
Heap after GC invocations=5 (full 1):
 PSYoungGen      total 66560K, used 5100K [0x0000000795580000, 0x000000079a080000, 0x00000007c0000000)
  eden space 61440K, 0% used [0x0000000795580000,0x0000000795580000,0x0000000799180000)
  from space 5120K, 99% used [0x0000000799b80000,0x000000079a07b070,0x000000079a080000)
  to   space 5120K, 0% used [0x0000000799680000,0x0000000799680000,0x0000000799b80000)
 ParOldGen       total 111104K, used 59532K [0x0000000740000000, 0x0000000746c80000, 0x0000000795580000)
  object space 111104K, 53% used [0x0000000740000000,0x0000000743a230c0,0x0000000746c80000)
 Metaspace       used 27459K, capacity 28694K, committed 28928K, reserved 1075200K
  class space    used 3765K, capacity 4032K, committed 4096K, reserved 1048576K
}
Event: 805.248 GC heap before
{Heap before GC invocations=6 (full 1):
 PSYoungGen      total 66560K, used 66540K [0x0000000795580000, 0x000000079a080000, 0x00000007c0000000)
  eden space 61440K, 100% used [0x0000000795580000,0x0000000799180000,0x0000000799180000)
  from space 5120K, 99% used [0x0000000799b80000,0x000000079a07b070,0x000000079a080000)
  to   space 5120K, 0% used [0x0000000799680000,0x0000000799680000,0x0000000799b80000)
 ParOldGen       total 111104K, used 59532K [0x0000000740000000, 0x0000000746c80000, 0x0000000795580000)
  object space 111104K, 53% used [0x0000000740000000,0x0000000743a230c0,0x0000000746c80000)
 Metaspace       used 28462K, capacity 29718K, committed 29952K, reserved 1075200K
  class space    used 3783K, capacity 4042K, committed 4096K, reserved 1048576K
Event: 805.261 GC heap after
Heap after GC invocations=6 (full 1):
 PSYoungGen      total 71680K, used 5106K [0x0000000795580000, 0x000000079df00000, 0x00000007c0000000)
  eden space 66560K, 0% used [0x0000000795580000,0x0000000795580000,0x0000000799680000)
  from space 5120K, 99% used [0x0000000799680000,0x0000000799b7c810,0x0000000799b80000)
  to   space 14848K, 0% used [0x000000079d080000,0x000000079d080000,0x000000079df00000)
 ParOldGen       total 111104K, used 65250K [0x0000000740000000, 0x0000000746c80000, 0x0000000795580000)
  object space 111104K, 58% used [0x0000000740000000,0x0000000743fb8ae8,0x0000000746c80000)
 Metaspace       used 28462K, capacity 29718K, committed 29952K, reserved 1075200K
  class space    used 3783K, capacity 4042K, committed 4096K, reserved 1048576K
}
Event: 1036.292 GC heap before
{Heap before GC invocations=7 (full 1):
 PSYoungGen      total 71680K, used 71666K [0x0000000795580000, 0x000000079df00000, 0x00000007c0000000)
  eden space 66560K, 100% used [0x0000000795580000,0x0000000799680000,0x0000000799680000)
  from space 5120K, 99% used [0x0000000799680000,0x0000000799b7c810,0x0000000799b80000)
  to   space 14848K, 0% used [0x000000079d080000,0x000000079d080000,0x000000079df00000)
 ParOldGen       total 111104K, used 65250K [0x0000000740000000, 0x0000000746c80000, 0x0000000795580000)
  object space 111104K, 58% used [0x0000000740000000,0x0000000743fb8ae8,0x0000000746c80000)
 Metaspace       used 28596K, capacity 29828K, committed 29952K, reserved 1075200K
  class space    used 3786K, capacity 4049K, committed 4096K, reserved 1048576K
Event: 1036.348 GC heap after
Heap after GC invocations=7 (full 1):
 PSYoungGen      total 125952K, used 6050K [0x0000000795580000, 0x000000079e480000, 0x00000007c0000000)
  eden space 111104K, 0% used [0x0000000795580000,0x0000000795580000,0x000000079c200000)
  from space 14848K, 40% used [0x000000079d080000,0x000000079d668820,0x000000079df00000)
  to   space 14848K, 0% used [0x000000079c200000,0x000000079c200000,0x000000079d080000)
 ParOldGen       total 158208K, used 112125K [0x0000000740000000, 0x0000000749a80000, 0x0000000795580000)
  object space 158208K, 70% used [0x0000000740000000,0x0000000746d7f6f8,0x0000000749a80000)
 Metaspace       used 28596K, capacity 29828K, committed 29952K, reserved 1075200K
  class space    used 3786K, capacity 4049K, committed 4096K, reserved 1048576K
}

